1,1,1,1,6.65178e-10,1.72996e-14,0.821207,2.13575e-05
1.15752,1.18276,3.05082e-08,3.11735e-08,7.69954e-10,2.04612e-14,2.50536e-08,6.65787e-13
1.08914,1.1725,2.68106e-09,2.88627e-09,7.2447e-10,2.02837e-14,2.20171e-09,6.16433e-14
1.12161,1.15153,1.41173e-08,1.44939e-08,7.46069e-10,1.9921e-14,1.15932e-08,3.09554e-13
1.12161,1.15153,1.41173e-08,1.44939e-08,7.46069e-10,1.9921e-14,1.15932e-08,3.09554e-13
1.12161,1.15153,1.41173e-08,1.44939e-08,7.46069e-10,1.9921e-14,1.15932e-08,3.09554e-13
1.12161,1.15153,1.41173e-08,1.44939e-08,7.46069e-10,1.9921e-14,1.15932e-08,3.09554e-13
1.12161,1.15153,1.41173e-08,1.44939e-08,7.46069e-10,1.9921e-14,1.15932e-08,3.09554e-13
1.12161,1.15153,1.41173e-08,1.44939e-08,7.46069e-10,1.9921e-14,1.15932e-08,3.09554e-13
1.19955,1.27659,1.50983e-08,1.6068e-08,7.97916e-10,2.20845e-14,1.23989e-08,3.43172e-13
1.6647,1.86745,8.56764e-08,9.61116e-08,1.10732e-09,3.23061e-14,7.03581e-08,2.0527e-12
1.66915,1.77059,8.59056e-08,9.11265e-08,1.11028e-09,3.06305e-14,7.05463e-08,1.94623e-12
1.66915,1.77059,8.59056e-08,9.11265e-08,1.11028e-09,3.06305e-14,7.05463e-08,1.94623e-12
1.16525,1.16812,5.22805e-09,5.24094e-09,7.75097e-10,2.0208e-14,4.29331e-09,1.11933e-13
1.16525,1.16812,5.22805e-09,5.24094e-09,7.75097e-10,2.0208e-14,4.29331e-09,1.11933e-13
1.16525,1.16812,5.22805e-09,5.24094e-09,7.75097e-10,2.0208e-14,4.29331e-09,1.11933e-13
1.16525,1.16812,5.22805e-09,5.24094e-09,7.75097e-10,2.0208e-14,4.29331e-09,1.11933e-13
1.43074,1.60086,1.91672e-08,2.14462e-08,9.517e-10,2.76942e-14,1.57402e-08,4.58036e-13
0.963777,0.882033,6.08061e-09,5.56487e-09,6.41084e-10,1.52588e-14,4.99344e-09,1.18852e-13
0.963777,0.882033,6.08061e-09,5.56487e-09,6.41084e-10,1.52588e-14,4.99344e-09,1.18852e-13
0.963777,0.882033,6.08061e-09,5.56487e-09,6.41084e-10,1.52588e-14,4.99344e-09,1.18852e-13
0.963777,0.882033,6.08061e-09,5.56487e-09,6.41084e-10,1.52588e-14,4.99344e-09,1.18852e-13
1.31853,1.28386,3.77975e-09,3.68037e-09,8.77056e-10,2.22102e-14,3.10396e-09,7.86033e-14
1.31853,1.28386,3.77975e-09,3.68037e-09,8.77056e-10,2.22102e-14,3.10396e-09,7.86033e-14
1.31853,1.28386,3.77975e-09,3.68037e-09,8.77056e-10,2.22102e-14,3.10396e-09,7.86033e-14
1.33796,1.40407,6.88604e-08,7.22627e-08,8.89983e-10,2.42898e-14,5.65487e-08,1.54335e-12
1.33796,1.40407,6.88604e-08,7.22627e-08,8.89983e-10,2.42898e-14,5.65487e-08,1.54335e-12
1.33796,1.40407,6.88604e-08,7.22627e-08,8.89983e-10,2.42898e-14,5.65487e-08,1.54335e-12
1.33796,1.40407,6.88604e-08,7.22627e-08,8.89983e-10,2.42898e-14,5.65487e-08,1.54335e-12
1.33796,1.40407,6.88604e-08,7.22627e-08,8.89983e-10,2.42898e-14,5.65487e-08,1.54335e-12
1.33796,1.40407,6.88604e-08,7.22627e-08,8.89983e-10,2.42898e-14,5.65487e-08,1.54335e-12
1.20239,1.18677,1.53776e-08,1.51778e-08,7.99807e-10,2.05307e-14,1.26282e-08,3.2416e-13
1.45687,1.64581,1.83371e-08,2.07152e-08,9.69076e-10,2.84718e-14,1.50585e-08,4.42425e-13
1.45687,1.64581,1.83371e-08,2.07152e-08,9.69076e-10,2.84718e-14,1.50585e-08,4.42425e-13
1.45687,1.64581,1.83371e-08,2.07152e-08,9.69076e-10,2.84718e-14,1.50585e-08,4.42425e-13
0.991768,0.980992,3.84721e-09,3.80541e-09,6.59702e-10,1.69707e-14,3.15935e-09,8.12739e-14
0.991768,0.980992,3.84721e-09,3.80541e-09,6.59702e-10,1.69707e-14,3.15935e-09,8.12739e-14
0.991768,0.980992,3.84721e-09,3.80541e-09,6.59702e-10,1.69707e-14,3.15935e-09,8.12739e-14
0.991768,0.980992,3.84721e-09,3.80541e-09,6.59702e-10,1.69707e-14,3.15935e-09,8.12739e-14
0.991768,0.980992,3.84721e-09,3.80541e-09,6.59702e-10,1.69707e-14,3.15935e-09,8.12739e-14
0.798253,0.742304,2.2883e-09,2.12792e-09,5.3098e-10,1.28415e-14,1.87917e-09,4.5447e-14
0.798253,0.742304,2.2883e-09,2.12792e-09,5.3098e-10,1.28415e-14,1.87917e-09,4.5447e-14
0.798253,0.742304,2.2883e-09,2.12792e-09,5.3098e-10,1.28415e-14,1.87917e-09,4.5447e-14
0.841935,0.788665,2.24303e-09,2.10111e-09,5.60036e-10,1.36435e-14,1.84199e-09,4.48745e-14
0.841935,0.788665,2.24303e-09,2.10111e-09,5.60036e-10,1.36435e-14,1.84199e-09,4.48745e-14
0.841935,0.788665,2.24303e-09,2.10111e-09,5.60036e-10,1.36435e-14,1.84199e-09,4.48745e-14
1.39788,1.52756,1.75946e-08,1.92268e-08,9.29838e-10,2.64261e-14,1.44488e-08,4.10636e-13
1.39788,1.52756,1.75946e-08,1.92268e-08,9.29838e-10,2.64261e-14,1.44488e-08,4.10636e-13
1.39788,1.52756,1.75946e-08,1.92268e-08,9.29838e-10,2.64261e-14,1.44488e-08,4.10636e-13
1.39788,1.52756,1.75946e-08,1.92268e-08,9.29838e-10,2.64261e-14,1.44488e-08,4.10636e-13
1.39788,1.52756,1.75946e-08,1.92268e-08,9.29838e-10,2.64261e-14,1.44488e-08,4.10636e-13
1.39788,1.52756,1.75946e-08,1.92268e-08,9.29838e-10,2.64261e-14,1.44488e-08,4.10636e-13
1.39788,1.52756,1.75946e-08,1.92268e-08,9.29838e-10,2.64261e-14,1.44488e-08,4.10636e-13
1.39788,1.52756,1.75946e-08,1.92268e-08,9.29838e-10,2.64261e-14,1.44488e-08,4.10636e-13
1.30902,1.35164,6.73707e-08,6.95643e-08,8.70729e-10,2.33827e-14,5.53253e-08,1.48572e-12
1.30902,1.35164,6.73707e-08,6.95643e-08,8.70729e-10,2.33827e-14,5.53253e-08,1.48572e-12
2.15998,2.75084,2.80617e-08,3.57379e-08,1.43677e-09,4.75883e-14,2.30444e-08,7.63272e-13
2.15998,2.75084,2.80617e-08,3.57379e-08,1.43677e-09,4.75883e-14,2.30444e-08,7.63272e-13
2.15998,2.75084,2.80617e-08,3.57379e-08,1.43677e-09,4.75883e-14,2.30444e-08,7.63272e-13
0.955763,0.8418,5.8365e-09,5.14057e-09,6.35753e-10,1.45628e-14,4.79298e-09,1.0979e-13
0.955763,0.8418,5.8365e-09,5.14057e-09,6.35753e-10,1.45628e-14,4.79298e-09,1.0979e-13
0.912032,0.785589,2.32993e-08,2.00692e-08,6.06663e-10,1.35903e-14,1.91336e-08,4.28626e-13
0.912032,0.785589,2.32993e-08,2.00692e-08,6.06663e-10,1.35903e-14,1.91336e-08,4.28626e-13
1.63033,1.65526,6.98458e-09,7.09138e-09,1.08446e-09,2.86353e-14,5.73579e-09,1.51454e-13
1.63033,1.65526,6.98458e-09,7.09138e-09,1.08446e-09,2.86353e-14,5.73579e-09,1.51454e-13
1.41001,1.52758,3.60209e-08,3.90245e-08,9.37904e-10,2.64264e-14,2.95806e-08,8.33464e-13
1.41001,1.52758,3.60209e-08,3.90245e-08,9.37904e-10,2.64264e-14,2.95806e-08,8.33464e-13
1.33447,1.50813,4.3659e-09,4.93406e-09,8.87658e-10,2.609e-14,3.58531e-09,1.05379e-13
1.33447,1.50813,4.3659e-09,4.93406e-09,8.87658e-10,2.609e-14,3.58531e-09,1.05379e-13
1.33447,1.50813,4.3659e-09,4.93406e-09,8.87658e-10,2.609e-14,3.58531e-09,1.05379e-13
1.33447,1.50813,4.3659e-09,4.93406e-09,8.87658e-10,2.609e-14,3.58531e-09,1.05379e-13
1.33447,1.50813,4.3659e-09,4.93406e-09,8.87658e-10,2.609e-14,3.58531e-09,1.05379e-13
1.33447,1.50813,4.3659e-09,4.93406e-09,8.87658e-10,2.609e-14,3.58531e-09,1.05379e-13
1.33447,1.50813,4.3659e-09,4.93406e-09,8.87658e-10,2.609e-14,3.58531e-09,1.05379e-13
1.33447,1.50813,4.3659e-09,4.93406e-09,8.87658e-10,2.609e-14,3.58531e-09,1.05379e-13
1.33447,1.50813,4.3659e-09,4.93406e-09,8.87658e-10,2.609e-14,3.58531e-09,1.05379e-13
1.33447,1.50813,4.3659e-09,4.93406e-09,8.87658e-10,2.609e-14,3.58531e-09,1.05379e-13
1.20833,1.06415,6.31673e-08,5.563e-08,8.03753e-10,1.84093e-14,5.18735e-08,1.18812e-12
1.96129,2.62262,4.931e-08,6.59369e-08,1.30461e-09,4.53701e-14,4.04937e-08,1.40825e-12
1.96129,2.62262,4.931e-08,6.59369e-08,1.30461e-09,4.53701e-14,4.04937e-08,1.40825e-12
1.96129,2.62262,4.931e-08,6.59369e-08,1.30461e-09,4.53701e-14,4.04937e-08,1.40825e-12
1.96129,2.62262,4.931e-08,6.59369e-08,1.30461e-09,4.53701e-14,4.04937e-08,1.40825e-12
1.96129,2.62262,4.931e-08,6.59369e-08,1.30461e-09,4.53701e-14,4.04937e-08,1.40825e-12
1.96129,2.62262,4.931e-08,6.59369e-08,1.30461e-09,4.53701e-14,4.04937e-08,1.40825e-12
1.96129,2.62262,4.931e-08,6.59369e-08,1.30461e-09,4.53701e-14,4.04937e-08,1.40825e-12
1.19419,1.25994,1.59982e-08,1.6879e-08,7.94351e-10,2.17964e-14,1.31378e-08,3.60493e-13
1.19419,1.25994,1.59982e-08,1.6879e-08,7.94351e-10,2.17964e-14,1.31378e-08,3.60493e-13
1.19419,1.25994,1.59982e-08,1.6879e-08,7.94351e-10,2.17964e-14,1.31378e-08,3.60493e-13
1.19419,1.25994,1.59982e-08,1.6879e-08,7.94351e-10,2.17964e-14,1.31378e-08,3.60493e-13
1.19419,1.25994,1.59982e-08,1.6879e-08,7.94351e-10,2.17964e-14,1.31378e-08,3.60493e-13
1.19419,1.25994,1.59982e-08,1.6879e-08,7.94351e-10,2.17964e-14,1.31378e-08,3.60493e-13
1.19419,1.25994,1.59982e-08,1.6879e-08,7.94351e-10,2.17964e-14,1.31378e-08,3.60493e-13
1.19419,1.25994,1.59982e-08,1.6879e-08,7.94351e-10,2.17964e-14,1.31378e-08,3.60493e-13
1.19419,1.25994,1.59982e-08,1.6879e-08,7.94351e-10,2.17964e-14,1.31378e-08,3.60493e-13
1.10686,1.07219,2.91731e-08,2.82592e-08,7.36258e-10,1.85484e-14,2.39571e-08,6.03546e-13
1.10686,1.07219,2.91731e-08,2.82592e-08,7.36258e-10,1.85484e-14,2.39571e-08,6.03546e-13
1.10686,1.07219,2.91731e-08,2.82592e-08,7.36258e-10,1.85484e-14,2.39571e-08,6.03546e-13
1.10686,1.07219,2.91731e-08,2.82592e-08,7.36258e-10,1.85484e-14,2.39571e-08,6.03546e-13
1.10686,1.07219,2.91731e-08,2.82592e-08,7.36258e-10,1.85484e-14,2.39571e-08,6.03546e-13
1.10686,1.07219,2.91731e-08,2.82592e-08,7.36258e-10,1.85484e-14,2.39571e-08,6.03546e-13
1.10686,1.07219,2.91731e-08,2.82592e-08,7.36258e-10,1.85484e-14,2.39571e-08,6.03546e-13
1.10686,1.07219,2.91731e-08,2.82592e-08,7.36258e-10,1.85484e-14,2.39571e-08,6.03546e-13
1.30895,1.36343,3.37042e-08,3.51072e-08,8.70682e-10,2.35868e-14,2.76782e-08,7.49801e-13
1.30895,1.36343,3.37042e-08,3.51072e-08,8.70682e-10,2.35868e-14,2.76782e-08,7.49801e-13
1.30895,1.36343,3.37042e-08,3.51072e-08,8.70682e-10,2.35868e-14,2.76782e-08,7.49801e-13
1.30895,1.36343,3.37042e-08,3.51072e-08,8.70682e-10,2.35868e-14,2.76782e-08,7.49801e-13
1.30895,1.36343,3.37042e-08,3.51072e-08,8.70682e-10,2.35868e-14,2.76782e-08,7.49801e-13
1.33925,1.57968,3.29675e-09,3.8886e-09,8.90839e-10,2.73277e-14,2.70732e-09,8.30506e-14
1.33925,1.57968,3.29675e-09,3.8886e-09,8.90839e-10,2.73277e-14,2.70732e-09,8.30506e-14
1.33925,1.57968,3.29675e-09,3.8886e-09,8.90839e-10,2.73277e-14,2.70732e-09,8.30506e-14
1.33925,1.57968,3.29675e-09,3.8886e-09,8.90839e-10,2.73277e-14,2.70732e-09,8.30506e-14
1.33925,1.57968,3.29675e-09,3.8886e-09,8.90839e-10,2.73277e-14,2.70732e-09,8.30506e-14
1.33925,1.57968,3.29675e-09,3.8886e-09,8.90839e-10,2.73277e-14,2.70732e-09,8.30506e-14
1.33925,1.57968,3.29675e-09,3.8886e-09,8.90839e-10,2.73277e-14,2.70732e-09,8.30506e-14
2.32854,3.27595,1.51626e-08,2.13318e-08,1.54889e-09,5.66726e-14,1.24517e-08,4.55594e-13
2.32854,3.27595,1.51626e-08,2.13318e-08,1.54889e-09,5.66726e-14,1.24517e-08,4.55594e-13
2.32854,3.27595,1.51626e-08,2.13318e-08,1.54889e-09,5.66726e-14,1.24517e-08,4.55594e-13
2.32854,3.27595,1.51626e-08,2.13318e-08,1.54889e-09,5.66726e-14,1.24517e-08,4.55594e-13
2.32854,3.27595,1.51626e-08,2.13318e-08,1.54889e-09,5.66726e-14,1.24517e-08,4.55594e-13
2.32854,3.27595,1.51626e-08,2.13318e-08,1.54889e-09,5.66726e-14,1.24517e-08,4.55594e-13
2.32854,3.27595,1.51626e-08,2.13318e-08,1.54889e-09,5.66726e-14,1.24517e-08,4.55594e-13
2.32854,3.27595,1.51626e-08,2.13318e-08,1.54889e-09,5.66726e-14,1.24517e-08,4.55594e-13
2.32854,3.27595,1.51626e-08,2.13318e-08,1.54889e-09,5.66726e-14,1.24517e-08,4.55594e-13
2.32854,3.27595,1.51626e-08,2.13318e-08,1.54889e-09,5.66726e-14,1.24517e-08,4.55594e-13
2.32854,3.27595,1.51626e-08,2.13318e-08,1.54889e-09,5.66726e-14,1.24517e-08,4.55594e-13
2.32854,3.27595,1.51626e-08,2.13318e-08,1.54889e-09,5.66726e-14,1.24517e-08,4.55594e-13
2.32854,3.27595,1.51626e-08,2.13318e-08,1.54889e-09,5.66726e-14,1.24517e-08,4.55594e-13
2.32854,3.27595,1.51626e-08,2.13318e-08,1.54889e-09,5.66726e-14,1.24517e-08,4.55594e-13
1.40943,1.7872,4.61115e-09,5.84708e-09,9.37522e-10,3.09178e-14,3.78671e-09,1.24879e-13
1.40943,1.7872,4.61115e-09,5.84708e-09,9.37522e-10,3.09178e-14,3.78671e-09,1.24879e-13
1.40943,1.7872,4.61115e-09,5.84708e-09,9.37522e-10,3.09178e-14,3.78671e-09,1.24879e-13
1.40943,1.7872,4.61115e-09,5.84708e-09,9.37522e-10,3.09178e-14,3.78671e-09,1.24879e-13
1.40943,1.7872,4.61115e-09,5.84708e-09,9.37522e-10,3.09178e-14,3.78671e-09,1.24879e-13
1.40943,1.7872,4.61115e-09,5.84708e-09,9.37522e-10,3.09178e-14,3.78671e-09,1.24879e-13
1.40943,1.7872,4.61115e-09,5.84708e-09,9.37522e-10,3.09178e-14,3.78671e-09,1.24879e-13
1.35641,1.38946,7.00847e-08,7.17923e-08,9.02256e-10,2.40371e-14,5.75541e-08,1.5333e-12
1.35641,1.38946,7.00847e-08,7.17923e-08,9.02256e-10,2.40371e-14,5.75541e-08,1.5333e-12
1.35641,1.38946,7.00847e-08,7.17923e-08,9.02256e-10,2.40371e-14,5.75541e-08,1.5333e-12
1.35641,1.38946,7.00847e-08,7.17923e-08,9.02256e-10,2.40371e-14,5.75541e-08,1.5333e-12
1.35641,1.38946,7.00847e-08,7.17923e-08,9.02256e-10,2.40371e-14,5.75541e-08,1.5333e-12
1.35641,1.38946,7.00847e-08,7.17923e-08,9.02256e-10,2.40371e-14,5.75541e-08,1.5333e-12
1.35641,1.38946,7.00847e-08,7.17923e-08,9.02256e-10,2.40371e-14,5.75541e-08,1.5333e-12
1.35641,1.38946,7.00847e-08,7.17923e-08,9.02256e-10,2.40371e-14,5.75541e-08,1.5333e-12
1.35641,1.38946,7.00847e-08,7.17923e-08,9.02256e-10,2.40371e-14,5.75541e-08,1.5333e-12
1.33849,1.30458,8.17369e-09,7.9666e-09,8.90336e-10,2.25687e-14,6.7123e-09,1.70147e-13
1.33849,1.30458,8.17369e-09,7.9666e-09,8.90336e-10,2.25687e-14,6.7123e-09,1.70147e-13
1.33849,1.30458,8.17369e-09,7.9666e-09,8.90336e-10,2.25687e-14,6.7123e-09,1.70147e-13
1.33849,1.30458,8.17369e-09,7.9666e-09,8.90336e-10,2.25687e-14,6.7123e-09,1.70147e-13
1.33849,1.30458,8.17369e-09,7.9666e-09,8.90336e-10,2.25687e-14,6.7123e-09,1.70147e-13
0.89937,0.786843,5.49213e-09,4.80497e-09,5.98241e-10,1.3612e-14,4.51018e-09,1.02622e-13
0.89937,0.786843,5.49213e-09,4.80497e-09,5.98241e-10,1.3612e-14,4.51018e-09,1.02622e-13
0.89937,0.786843,5.49213e-09,4.80497e-09,5.98241e-10,1.3612e-14,4.51018e-09,1.02622e-13
0.89937,0.786843,5.49213e-09,4.80497e-09,5.98241e-10,1.3612e-14,4.51018e-09,1.02622e-13
0.89937,0.786843,5.49213e-09,4.80497e-09,5.98241e-10,1.3612e-14,4.51018e-09,1.02622e-13
0.89937,0.786843,5.49213e-09,4.80497e-09,5.98241e-10,1.3612e-14,4.51018e-09,1.02622e-13
0.89937,0.786843,5.49213e-09,4.80497e-09,5.98241e-10,1.3612e-14,4.51018e-09,1.02622e-13
0.89937,0.786843,5.49213e-09,4.80497e-09,5.98241e-10,1.3612e-14,4.51018e-09,1.02622e-13
0.89937,0.786843,5.49213e-09,4.80497e-09,5.98241e-10,1.3612e-14,4.51018e-09,1.02622e-13
0.89937,0.786843,5.49213e-09,4.80497e-09,5.98241e-10,1.3612e-14,4.51018e-09,1.02622e-13
0.89937,0.786843,5.49213e-09,4.80497e-09,5.98241e-10,1.3612e-14,4.51018e-09,1.02622e-13
0.89937,0.786843,5.49213e-09,4.80497e-09,5.98241e-10,1.3612e-14,4.51018e-09,1.02622e-13
0.89937,0.786843,5.49213e-09,4.80497e-09,5.98241e-10,1.3612e-14,4.51018e-09,1.02622e-13
0.89937,0.786843,5.49213e-09,4.80497e-09,5.98241e-10,1.3612e-14,4.51018e-09,1.02622e-13
0.89937,0.786843,5.49213e-09,4.80497e-09,5.98241e-10,1.3612e-14,4.51018e-09,1.02622e-13
0.89937,0.786843,5.49213e-09,4.80497e-09,5.98241e-10,1.3612e-14,4.51018e-09,1.02622e-13
0.89937,0.786843,5.49213e-09,4.80497e-09,5.98241e-10,1.3612e-14,4.51018e-09,1.02622e-13
0.89937,0.786843,5.49213e-09,4.80497e-09,5.98241e-10,1.3612e-14,4.51018e-09,1.02622e-13
0.89937,0.786843,5.49213e-09,4.80497e-09,5.98241e-10,1.3612e-14,4.51018e-09,1.02622e-13
0.89937,0.786843,5.49213e-09,4.80497e-09,5.98241e-10,1.3612e-14,4.51018e-09,1.02622e-13
0.89937,0.786843,5.49213e-09,4.80497e-09,5.98241e-10,1.3612e-14,4.51018e-09,1.02622e-13
1.91428,2.24998,4.85158e-08,5.70239e-08,1.27334e-09,3.89237e-14,3.98415e-08,1.21789e-12
1.91428,2.24998,4.85158e-08,5.70239e-08,1.27334e-09,3.89237e-14,3.98415e-08,1.21789e-12
1.91428,2.24998,4.85158e-08,5.70239e-08,1.27334e-09,3.89237e-14,3.98415e-08,1.21789e-12
1.91428,2.24998,4.85158e-08,5.70239e-08,1.27334e-09,3.89237e-14,3.98415e-08,1.21789e-12
1.91428,2.24998,4.85158e-08,5.70239e-08,1.27334e-09,3.89237e-14,3.98415e-08,1.21789e-12
1.91428,2.24998,4.85158e-08,5.70239e-08,1.27334e-09,3.89237e-14,3.98415e-08,1.21789e-12
1.91428,2.24998,4.85158e-08,5.70239e-08,1.27334e-09,3.89237e-14,3.98415e-08,1.21789e-12
1.91428,2.24998,4.85158e-08,5.70239e-08,1.27334e-09,3.89237e-14,3.98415e-08,1.21789e-12
1.91428,2.24998,4.85158e-08,5.70239e-08,1.27334e-09,3.89237e-14,3.98415e-08,1.21789e-12
1.91428,2.24998,4.85158e-08,5.70239e-08,1.27334e-09,3.89237e-14,3.98415e-08,1.21789e-12
1.91428,2.24998,4.85158e-08,5.70239e-08,1.27334e-09,3.89237e-14,3.98415e-08,1.21789e-12
1.91428,2.24998,4.85158e-08,5.70239e-08,1.27334e-09,3.89237e-14,3.98415e-08,1.21789e-12
1.86315,2.22958,1.28868e-08,1.54212e-08,1.23933e-09,3.85707e-14,1.05827e-08,3.29358e-13
1.86315,2.22958,1.28868e-08,1.54212e-08,1.23933e-09,3.85707e-14,1.05827e-08,3.29358e-13
1.86315,2.22958,1.28868e-08,1.54212e-08,1.23933e-09,3.85707e-14,1.05827e-08,3.29358e-13
1.86315,2.22958,1.28868e-08,1.54212e-08,1.23933e-09,3.85707e-14,1.05827e-08,3.29358e-13
1.86315,2.22958,1.28868e-08,1.54212e-08,1.23933e-09,3.85707e-14,1.05827e-08,3.29358e-13
1.86315,2.22958,1.28868e-08,1.54212e-08,1.23933e-09,3.85707e-14,1.05827e-08,3.29358e-13
1.86315,2.22958,1.28868e-08,1.54212e-08,1.23933e-09,3.85707e-14,1.05827e-08,3.29358e-13
1.86315,2.22958,1.28868e-08,1.54212e-08,1.23933e-09,3.85707e-14,1.05827e-08,3.29358e-13
1.86315,2.22958,1.28868e-08,1.54212e-08,1.23933e-09,3.85707e-14,1.05827e-08,3.29358e-13
1.86315,2.22958,1.28868e-08,1.54212e-08,1.23933e-09,3.85707e-14,1.05827e-08,3.29358e-13
1.86315,2.22958,1.28868e-08,1.54212e-08,1.23933e-09,3.85707e-14,1.05827e-08,3.29358e-13
1.86315,2.22958,1.28868e-08,1.54212e-08,1.23933e-09,3.85707e-14,1.05827e-08,3.29358e-13
1.86315,2.22958,1.28868e-08,1.54212e-08,1.23933e-09,3.85707e-14,1.05827e-08,3.29358e-13
1.86315,2.22958,1.28868e-08,1.54212e-08,1.23933e-09,3.85707e-14,1.05827e-08,3.29358e-13
1.86315,2.22958,1.28868e-08,1.54212e-08,1.23933e-09,3.85707e-14,1.05827e-08,3.29358e-13
1.86315,2.22958,1.28868e-08,1.54212e-08,1.23933e-09,3.85707e-14,1.05827e-08,3.29358e-13
1.86315,2.22958,1.28868e-08,1.54212e-08,1.23933e-09,3.85707e-14,1.05827e-08,3.29358e-13
1.86315,2.22958,1.28868e-08,1.54212e-08,1.23933e-09,3.85707e-14,1.05827e-08,3.29358e-13
1.86315,2.22958,1.28868e-08,1.54212e-08,1.23933e-09,3.85707e-14,1.05827e-08,3.29358e-13
1.86315,2.22958,1.28868e-08,1.54212e-08,1.23933e-09,3.85707e-14,1.05827e-08,3.29358e-13
1.86315,2.22958,1.28868e-08,1.54212e-08,1.23933e-09,3.85707e-14,1.05827e-08,3.29358e-13
1.86315,2.22958,1.28868e-08,1.54212e-08,1.23933e-09,3.85707e-14,1.05827e-08,3.29358e-13
1.86315,2.22958,1.28868e-08,1.54212e-08,1.23933e-09,3.85707e-14,1.05827e-08,3.29358e-13
1.86315,2.22958,1.28868e-08,1.54212e-08,1.23933e-09,3.85707e-14,1.05827e-08,3.29358e-13
1.86315,2.22958,1.28868e-08,1.54212e-08,1.23933e-09,3.85707e-14,1.05827e-08,3.29358e-13
1.86315,2.22958,1.28868e-08,1.54212e-08,1.23933e-09,3.85707e-14,1.05827e-08,3.29358e-13
1.86315,2.22958,1.28868e-08,1.54212e-08,1.23933e-09,3.85707e-14,1.05827e-08,3.29358e-13
1.86315,2.22958,1.28868e-08,1.54212e-08,1.23933e-09,3.85707e-14,1.05827e-08,3.29358e-13
1.86315,2.22958,1.28868e-08,1.54212e-08,1.23933e-09,3.85707e-14,1.05827e-08,3.29358e-13
1.86315,2.22958,1.28868e-08,1.54212e-08,1.23933e-09,3.85707e-14,1.05827e-08,3.29358e-13
1.86315,2.22958,1.28868e-08,1.54212e-08,1.23933e-09,3.85707e-14,1.05827e-08,3.29358e-13
1.86315,2.22958,1.28868e-08,1.54212e-08,1.23933e-09,3.85707e-14,1.05827e-08,3.29358e-13
1.86315,2.22958,1.28868e-08,1.54212e-08,1.23933e-09,3.85707e-14,1.05827e-08,3.29358e-13
1.86315,2.22958,1.28868e-08,1.54212e-08,1.23933e-09,3.85707e-14,1.05827e-08,3.29358e-13
1.86315,2.22958,1.28868e-08,1.54212e-08,1.23933e-09,3.85707e-14,1.05827e-08,3.29358e-13
1.86315,2.22958,1.28868e-08,1.54212e-08,1.23933e-09,3.85707e-14,1.05827e-08,3.29358e-13
1.86315,2.22958,1.28868e-08,1.54212e-08,1.23933e-09,3.85707e-14,1.05827e-08,3.29358e-13
1.86315,2.22958,1.28868e-08,1.54212e-08,1.23933e-09,3.85707e-14,1.05827e-08,3.29358e-13
1.86315,2.22958,1.28868e-08,1.54212e-08,1.23933e-09,3.85707e-14,1.05827e-08,3.29358e-13
1.86315,2.22958,1.28868e-08,1.54212e-08,1.23933e-09,3.85707e-14,1.05827e-08,3.29358e-13
1.86315,2.22958,1.28868e-08,1.54212e-08,1.23933e-09,3.85707e-14,1.05827e-08,3.29358e-13
1.86315,2.22958,1.28868e-08,1.54212e-08,1.23933e-09,3.85707e-14,1.05827e-08,3.29358e-13
1.86315,2.22958,1.28868e-08,1.54212e-08,1.23933e-09,3.85707e-14,1.05827e-08,3.29358e-13
1.86315,2.22958,1.28868e-08,1.54212e-08,1.23933e-09,3.85707e-14,1.05827e-08,3.29358e-13
1.86315,2.22958,1.28868e-08,1.54212e-08,1.23933e-09,3.85707e-14,1.05827e-08,3.29358e-13
1.86315,2.22958,1.28868e-08,1.54212e-08,1.23933e-09,3.85707e-14,1.05827e-08,3.29358e-13
1.86315,2.22958,1.28868e-08,1.54212e-08,1.23933e-09,3.85707e-14,1.05827e-08,3.29358e-13
1.86315,2.22958,1.28868e-08,1.54212e-08,1.23933e-09,3.85707e-14,1.05827e-08,3.29358e-13
1.86315,2.22958,1.28868e-08,1.54212e-08,1.23933e-09,3.85707e-14,1.05827e-08,3.29358e-13
1.86315,2.22958,1.28868e-08,1.54212e-08,1.23933e-09,3.85707e-14,1.05827e-08,3.29358e-13
1.86315,2.22958,1.28868e-08,1.54212e-08,1.23933e-09,3.85707e-14,1.05827e-08,3.29358e-13
1.86315,2.22958,1.28868e-08,1.54212e-08,1.23933e-09,3.85707e-14,1.05827e-08,3.29358e-13
1.86315,2.22958,1.28868e-08,1.54212e-08,1.23933e-09,3.85707e-14,1.05827e-08,3.29358e-13
1.86315,2.22958,1.28868e-08,1.54212e-08,1.23933e-09,3.85707e-14,1.05827e-08,3.29358e-13
1.86315,2.22958,1.28868e-08,1.54212e-08,1.23933e-09,3.85707e-14,1.05827e-08,3.29358e-13
1.86315,2.22958,1.28868e-08,1.54212e-08,1.23933e-09,3.85707e-14,1.05827e-08,3.29358e-13
1.86315,2.22958,1.28868e-08,1.54212e-08,1.23933e-09,3.85707e-14,1.05827e-08,3.29358e-13
1.86315,2.22958,1.28868e-08,1.54212e-08,1.23933e-09,3.85707e-14,1.05827e-08,3.29358e-13
1.86315,2.22958,1.28868e-08,1.54212e-08,1.23933e-09,3.85707e-14,1.05827e-08,3.29358e-13
1.86315,2.22958,1.28868e-08,1.54212e-08,1.23933e-09,3.85707e-14,1.05827e-08,3.29358e-13
1.10688,1.07017,2.80529e-08,2.71226e-08,7.36271e-10,1.85135e-14,2.30372e-08,5.79271e-13
1.10688,1.07017,2.80529e-08,2.71226e-08,7.36271e-10,1.85135e-14,2.30372e-08,5.79271e-13
1.10688,1.07017,2.80529e-08,2.71226e-08,7.36271e-10,1.85135e-14,2.30372e-08,5.79271e-13
1.10688,1.07017,2.80529e-08,2.71226e-08,7.36271e-10,1.85135e-14,2.30372e-08,5.79271e-13
1.10688,1.07017,2.80529e-08,2.71226e-08,7.36271e-10,1.85135e-14,2.30372e-08,5.79271e-13
1.10688,1.07017,2.80529e-08,2.71226e-08,7.36271e-10,1.85135e-14,2.30372e-08,5.79271e-13
1.10688,1.07017,2.80529e-08,2.71226e-08,7.36271e-10,1.85135e-14,2.30372e-08,5.79271e-13
1.10688,1.07017,2.80529e-08,2.71226e-08,7.36271e-10,1.85135e-14,2.30372e-08,5.79271e-13
1.10688,1.07017,2.80529e-08,2.71226e-08,7.36271e-10,1.85135e-14,2.30372e-08,5.79271e-13
1.10688,1.07017,2.80529e-08,2.71226e-08,7.36271e-10,1.85135e-14,2.30372e-08,5.79271e-13
1.10688,1.07017,2.80529e-08,2.71226e-08,7.36271e-10,1.85135e-14,2.30372e-08,5.79271e-13
1.10688,1.07017,2.80529e-08,2.71226e-08,7.36271e-10,1.85135e-14,2.30372e-08,5.79271e-13
1.10688,1.07017,2.80529e-08,2.71226e-08,7.36271e-10,1.85135e-14,2.30372e-08,5.79271e-13
1.10688,1.07017,2.80529e-08,2.71226e-08,7.36271e-10,1.85135e-14,2.30372e-08,5.79271e-13
1.10688,1.07017,2.80529e-08,2.71226e-08,7.36271e-10,1.85135e-14,2.30372e-08,5.79271e-13
1.10688,1.07017,2.80529e-08,2.71226e-08,7.36271e-10,1.85135e-14,2.30372e-08,5.79271e-13
1.10688,1.07017,2.80529e-08,2.71226e-08,7.36271e-10,1.85135e-14,2.30372e-08,5.79271e-13
1.10688,1.07017,2.80529e-08,2.71226e-08,7.36271e-10,1.85135e-14,2.30372e-08,5.79271e-13
1.10688,1.07017,2.80529e-08,2.71226e-08,7.36271e-10,1.85135e-14,2.30372e-08,5.79271e-13
1.10688,1.07017,2.80529e-08,2.71226e-08,7.36271e-10,1.85135e-14,2.30372e-08,5.79271e-13
1.10688,1.07017,2.80529e-08,2.71226e-08,7.36271e-10,1.85135e-14,2.30372e-08,5.79271e-13
1.10688,1.07017,2.80529e-08,2.71226e-08,7.36271e-10,1.85135e-14,2.30372e-08,5.79271e-13
1.10688,1.07017,2.80529e-08,2.71226e-08,7.36271e-10,1.85135e-14,2.30372e-08,5.79271e-13
1.10688,1.07017,2.80529e-08,2.71226e-08,7.36271e-10,1.85135e-14,2.30372e-08,5.79271e-13
1.10688,1.07017,2.80529e-08,2.71226e-08,7.36271e-10,1.85135e-14,2.30372e-08,5.79271e-13
1.10688,1.07017,2.80529e-08,2.71226e-08,7.36271e-10,1.85135e-14,2.30372e-08,5.79271e-13
1.10688,1.07017,2.80529e-08,2.71226e-08,7.36271e-10,1.85135e-14,2.30372e-08,5.79271e-13
1.10688,1.07017,2.80529e-08,2.71226e-08,7.36271e-10,1.85135e-14,2.30372e-08,5.79271e-13
1.10688,1.07017,2.80529e-08,2.71226e-08,7.36271e-10,1.85135e-14,2.30372e-08,5.79271e-13
1.10688,1.07017,2.80529e-08,2.71226e-08,7.36271e-10,1.85135e-14,2.30372e-08,5.79271e-13
1.10688,1.07017,2.80529e-08,2.71226e-08,7.36271e-10,1.85135e-14,2.30372e-08,5.79271e-13
1.10688,1.07017,2.80529e-08,2.71226e-08,7.36271e-10,1.85135e-14,2.30372e-08,5.79271e-13
1.10688,1.07017,2.80529e-08,2.71226e-08,7.36271e-10,1.85135e-14,2.30372e-08,5.79271e-13
1.10688,1.07017,2.80529e-08,2.71226e-08,7.36271e-10,1.85135e-14,2.30372e-08,5.79271e-13
0.692501,0.586087,1.98515e-09,1.6801e-09,4.60636e-10,1.0139e-14,1.63022e-09,3.58827e-14
0.692501,0.586087,1.98515e-09,1.6801e-09,4.60636e-10,1.0139e-14,1.63022e-09,3.58827e-14
0.692501,0.586087,1.98515e-09,1.6801e-09,4.60636e-10,1.0139e-14,1.63022e-09,3.58827e-14
0.692501,0.586087,1.98515e-09,1.6801e-09,4.60636e-10,1.0139e-14,1.63022e-09,3.58827e-14
0.692501,0.586087,1.98515e-09,1.6801e-09,4.60636e-10,1.0139e-14,1.63022e-09,3.58827e-14
0.692501,0.586087,1.98515e-09,1.6801e-09,4.60636e-10,1.0139e-14,1.63022e-09,3.58827e-14
0.692501,0.586087,1.98515e-09,1.6801e-09,4.60636e-10,1.0139e-14,1.63022e-09,3.58827e-14
0.692501,0.586087,1.98515e-09,1.6801e-09,4.60636e-10,1.0139e-14,1.63022e-09,3.58827e-14
0.692501,0.586087,1.98515e-09,1.6801e-09,4.60636e-10,1.0139e-14,1.63022e-09,3.58827e-14
0.692501,0.586087,1.98515e-09,1.6801e-09,4.60636e-10,1.0139e-14,1.63022e-09,3.58827e-14
0.692501,0.586087,1.98515e-09,1.6801e-09,4.60636e-10,1.0139e-14,1.63022e-09,3.58827e-14
0.692501,0.586087,1.98515e-09,1.6801e-09,4.60636e-10,1.0139e-14,1.63022e-09,3.58827e-14
0.692501,0.586087,1.98515e-09,1.6801e-09,4.60636e-10,1.0139e-14,1.63022e-09,3.58827e-14
0.692501,0.586087,1.98515e-09,1.6801e-09,4.60636e-10,1.0139e-14,1.63022e-09,3.58827e-14
0.692501,0.586087,1.98515e-09,1.6801e-09,4.60636e-10,1.0139e-14,1.63022e-09,3.58827e-14
0.692501,0.586087,1.98515e-09,1.6801e-09,4.60636e-10,1.0139e-14,1.63022e-09,3.58827e-14
0.692501,0.586087,1.98515e-09,1.6801e-09,4.60636e-10,1.0139e-14,1.63022e-09,3.58827e-14
0.692501,0.586087,1.98515e-09,1.6801e-09,4.60636e-10,1.0139e-14,1.63022e-09,3.58827e-14
0.692501,0.586087,1.98515e-09,1.6801e-09,4.60636e-10,1.0139e-14,1.63022e-09,3.58827e-14
0.692501,0.586087,1.98515e-09,1.6801e-09,4.60636e-10,1.0139e-14,1.63022e-09,3.58827e-14
0.692501,0.586087,1.98515e-09,1.6801e-09,4.60636e-10,1.0139e-14,1.63022e-09,3.58827e-14
0.692501,0.586087,1.98515e-09,1.6801e-09,4.60636e-10,1.0139e-14,1.63022e-09,3.58827e-14
0.692501,0.586087,1.98515e-09,1.6801e-09,4.60636e-10,1.0139e-14,1.63022e-09,3.58827e-14
0.692501,0.586087,1.98515e-09,1.6801e-09,4.60636e-10,1.0139e-14,1.63022e-09,3.58827e-14
0.692501,0.586087,1.98515e-09,1.6801e-09,4.60636e-10,1.0139e-14,1.63022e-09,3.58827e-14
0.692501,0.586087,1.98515e-09,1.6801e-09,4.60636e-10,1.0139e-14,1.63022e-09,3.58827e-14
0.692501,0.586087,1.98515e-09,1.6801e-09,4.60636e-10,1.0139e-14,1.63022e-09,3.58827e-14
0.692501,0.586087,1.98515e-09,1.6801e-09,4.60636e-10,1.0139e-14,1.63022e-09,3.58827e-14
0.692501,0.586087,1.98515e-09,1.6801e-09,4.60636e-10,1.0139e-14,1.63022e-09,3.58827e-14
0.692501,0.586087,1.98515e-09,1.6801e-09,4.60636e-10,1.0139e-14,1.63022e-09,3.58827e-14
0.692501,0.586087,1.98515e-09,1.6801e-09,4.60636e-10,1.0139e-14,1.63022e-09,3.58827e-14
0.692501,0.586087,1.98515e-09,1.6801e-09,4.60636e-10,1.0139e-14,1.63022e-09,3.58827e-14
0.692501,0.586087,1.98515e-09,1.6801e-09,4.60636e-10,1.0139e-14,1.63022e-09,3.58827e-14
0.692501,0.586087,1.98515e-09,1.6801e-09,4.60636e-10,1.0139e-14,1.63022e-09,3.58827e-14
0.692501,0.586087,1.98515e-09,1.6801e-09,4.60636e-10,1.0139e-14,1.63022e-09,3.58827e-14
0.692501,0.586087,1.98515e-09,1.6801e-09,4.60636e-10,1.0139e-14,1.63022e-09,3.58827e-14
0.692501,0.586087,1.98515e-09,1.6801e-09,4.60636e-10,1.0139e-14,1.63022e-09,3.58827e-14
0.692501,0.586087,1.98515e-09,1.6801e-09,4.60636e-10,1.0139e-14,1.63022e-09,3.58827e-14
0.692501,0.586087,1.98515e-09,1.6801e-09,4.60636e-10,1.0139e-14,1.63022e-09,3.58827e-14
0.692501,0.586087,1.98515e-09,1.6801e-09,4.60636e-10,1.0139e-14,1.63022e-09,3.58827e-14
0.692501,0.586087,1.98515e-09,1.6801e-09,4.60636e-10,1.0139e-14,1.63022e-09,3.58827e-14
0.692501,0.586087,1.98515e-09,1.6801e-09,4.60636e-10,1.0139e-14,1.63022e-09,3.58827e-14
0.692501,0.586087,1.98515e-09,1.6801e-09,4.60636e-10,1.0139e-14,1.63022e-09,3.58827e-14
0.692501,0.586087,1.98515e-09,1.6801e-09,4.60636e-10,1.0139e-14,1.63022e-09,3.58827e-14
0.692501,0.586087,1.98515e-09,1.6801e-09,4.60636e-10,1.0139e-14,1.63022e-09,3.58827e-14
0.692501,0.586087,1.98515e-09,1.6801e-09,4.60636e-10,1.0139e-14,1.63022e-09,3.58827e-14
0.692501,0.586087,1.98515e-09,1.6801e-09,4.60636e-10,1.0139e-14,1.63022e-09,3.58827e-14
0.692501,0.586087,1.98515e-09,1.6801e-09,4.60636e-10,1.0139e-14,1.63022e-09,3.58827e-14
0.692501,0.586087,1.98515e-09,1.6801e-09,4.60636e-10,1.0139e-14,1.63022e-09,3.58827e-14
0.692501,0.586087,1.98515e-09,1.6801e-09,4.60636e-10,1.0139e-14,1.63022e-09,3.58827e-14
0.692501,0.586087,1.98515e-09,1.6801e-09,4.60636e-10,1.0139e-14,1.63022e-09,3.58827e-14
0.692501,0.586087,1.98515e-09,1.6801e-09,4.60636e-10,1.0139e-14,1.63022e-09,3.58827e-14
0.692501,0.586087,1.98515e-09,1.6801e-09,4.60636e-10,1.0139e-14,1.63022e-09,3.58827e-14
0.692501,0.586087,1.98515e-09,1.6801e-09,4.60636e-10,1.0139e-14,1.63022e-09,3.58827e-14
0.692501,0.586087,1.98515e-09,1.6801e-09,4.60636e-10,1.0139e-14,1.63022e-09,3.58827e-14
0.692501,0.586087,1.98515e-09,1.6801e-09,4.60636e-10,1.0139e-14,1.63022e-09,3.58827e-14
0.692501,0.586087,1.98515e-09,1.6801e-09,4.60636e-10,1.0139e-14,1.63022e-09,3.58827e-14
0.692501,0.586087,1.98515e-09,1.6801e-09,4.60636e-10,1.0139e-14,1.63022e-09,3.58827e-14
0.692501,0.586087,1.98515e-09,1.6801e-09,4.60636e-10,1.0139e-14,1.63022e-09,3.58827e-14
0.692501,0.586087,1.98515e-09,1.6801e-09,4.60636e-10,1.0139e-14,1.63022e-09,3.58827e-14
0.692501,0.586087,1.98515e-09,1.6801e-09,4.60636e-10,1.0139e-14,1.63022e-09,3.58827e-14
0.692501,0.586087,1.98515e-09,1.6801e-09,4.60636e-10,1.0139e-14,1.63022e-09,3.58827e-14
0.692501,0.586087,1.98515e-09,1.6801e-09,4.60636e-10,1.0139e-14,1.63022e-09,3.58827e-14
0.692501,0.586087,1.98515e-09,1.6801e-09,4.60636e-10,1.0139e-14,1.63022e-09,3.58827e-14
0.692501,0.586087,1.98515e-09,1.6801e-09,4.60636e-10,1.0139e-14,1.63022e-09,3.58827e-14
0.692501,0.586087,1.98515e-09,1.6801e-09,4.60636e-10,1.0139e-14,1.63022e-09,3.58827e-14
0.692501,0.586087,1.98515e-09,1.6801e-09,4.60636e-10,1.0139e-14,1.63022e-09,3.58827e-14
0.692501,0.586087,1.98515e-09,1.6801e-09,4.60636e-10,1.0139e-14,1.63022e-09,3.58827e-14
0.692501,0.586087,1.98515e-09,1.6801e-09,4.60636e-10,1.0139e-14,1.63022e-09,3.58827e-14
0.692501,0.586087,1.98515e-09,1.6801e-09,4.60636e-10,1.0139e-14,1.63022e-09,3.58827e-14
0.692501,0.586087,1.98515e-09,1.6801e-09,4.60636e-10,1.0139e-14,1.63022e-09,3.58827e-14
0.692501,0.586087,1.98515e-09,1.6801e-09,4.60636e-10,1.0139e-14,1.63022e-09,3.58827e-14
0.692501,0.586087,1.98515e-09,1.6801e-09,4.60636e-10,1.0139e-14,1.63022e-09,3.58827e-14
0.692501,0.586087,1.98515e-09,1.6801e-09,4.60636e-10,1.0139e-14,1.63022e-09,3.58827e-14
0.692501,0.586087,1.98515e-09,1.6801e-09,4.60636e-10,1.0139e-14,1.63022e-09,3.58827e-14
0.692501,0.586087,1.98515e-09,1.6801e-09,4.60636e-10,1.0139e-14,1.63022e-09,3.58827e-14
0.692501,0.586087,1.98515e-09,1.6801e-09,4.60636e-10,1.0139e-14,1.63022e-09,3.58827e-14
0.692501,0.586087,1.98515e-09,1.6801e-09,4.60636e-10,1.0139e-14,1.63022e-09,3.58827e-14
0.692501,0.586087,1.98515e-09,1.6801e-09,4.60636e-10,1.0139e-14,1.63022e-09,3.58827e-14
0.692501,0.586087,1.98515e-09,1.6801e-09,4.60636e-10,1.0139e-14,1.63022e-09,3.58827e-14
0.692501,0.586087,1.98515e-09,1.6801e-09,4.60636e-10,1.0139e-14,1.63022e-09,3.58827e-14
0.692501,0.586087,1.98515e-09,1.6801e-09,4.60636e-10,1.0139e-14,1.63022e-09,3.58827e-14
0.692501,0.586087,1.98515e-09,1.6801e-09,4.60636e-10,1.0139e-14,1.63022e-09,3.58827e-14
0.692501,0.586087,1.98515e-09,1.6801e-09,4.60636e-10,1.0139e-14,1.63022e-09,3.58827e-14
0.692501,0.586087,1.98515e-09,1.6801e-09,4.60636e-10,1.0139e-14,1.63022e-09,3.58827e-14
0.692501,0.586087,1.98515e-09,1.6801e-09,4.60636e-10,1.0139e-14,1.63022e-09,3.58827e-14
0.692501,0.586087,1.98515e-09,1.6801e-09,4.60636e-10,1.0139e-14,1.63022e-09,3.58827e-14
0.692501,0.586087,1.98515e-09,1.6801e-09,4.60636e-10,1.0139e-14,1.63022e-09,3.58827e-14
0.692501,0.586087,1.98515e-09,1.6801e-09,4.60636e-10,1.0139e-14,1.63022e-09,3.58827e-14
0.692501,0.586087,1.98515e-09,1.6801e-09,4.60636e-10,1.0139e-14,1.63022e-09,3.58827e-14
0.692501,0.586087,1.98515e-09,1.6801e-09,4.60636e-10,1.0139e-14,1.63022e-09,3.58827e-14
0.692501,0.586087,1.98515e-09,1.6801e-09,4.60636e-10,1.0139e-14,1.63022e-09,3.58827e-14
0.692501,0.586087,1.98515e-09,1.6801e-09,4.60636e-10,1.0139e-14,1.63022e-09,3.58827e-14
0.692501,0.586087,1.98515e-09,1.6801e-09,4.60636e-10,1.0139e-14,1.63022e-09,3.58827e-14
0.692501,0.586087,1.98515e-09,1.6801e-09,4.60636e-10,1.0139e-14,1.63022e-09,3.58827e-14
0.692501,0.586087,1.98515e-09,1.6801e-09,4.60636e-10,1.0139e-14,1.63022e-09,3.58827e-14
0.692501,0.586087,1.98515e-09,1.6801e-09,4.60636e-10,1.0139e-14,1.63022e-09,3.58827e-14
0.692501,0.586087,1.98515e-09,1.6801e-09,4.60636e-10,1.0139e-14,1.63022e-09,3.58827e-14
0.692501,0.586087,1.98515e-09,1.6801e-09,4.60636e-10,1.0139e-14,1.63022e-09,3.58827e-14
0.692501,0.586087,1.98515e-09,1.6801e-09,4.60636e-10,1.0139e-14,1.63022e-09,3.58827e-14
0.692501,0.586087,1.98515e-09,1.6801e-09,4.60636e-10,1.0139e-14,1.63022e-09,3.58827e-14
0.692501,0.586087,1.98515e-09,1.6801e-09,4.60636e-10,1.0139e-14,1.63022e-09,3.58827e-14
0.692501,0.586087,1.98515e-09,1.6801e-09,4.60636e-10,1.0139e-14,1.63022e-09,3.58827e-14
0.692501,0.586087,1.98515e-09,1.6801e-09,4.60636e-10,1.0139e-14,1.63022e-09,3.58827e-14
0.692501,0.586087,1.98515e-09,1.6801e-09,4.60636e-10,1.0139e-14,1.63022e-09,3.58827e-14
0.692501,0.586087,1.98515e-09,1.6801e-09,4.60636e-10,1.0139e-14,1.63022e-09,3.58827e-14
0.692501,0.586087,1.98515e-09,1.6801e-09,4.60636e-10,1.0139e-14,1.63022e-09,3.58827e-14
0.692501,0.586087,1.98515e-09,1.6801e-09,4.60636e-10,1.0139e-14,1.63022e-09,3.58827e-14
0.692501,0.586087,1.98515e-09,1.6801e-09,4.60636e-10,1.0139e-14,1.63022e-09,3.58827e-14
0.692501,0.586087,1.98515e-09,1.6801e-09,4.60636e-10,1.0139e-14,1.63022e-09,3.58827e-14
0.692501,0.586087,1.98515e-09,1.6801e-09,4.60636e-10,1.0139e-14,1.63022e-09,3.58827e-14
0.692501,0.586087,1.98515e-09,1.6801e-09,4.60636e-10,1.0139e-14,1.63022e-09,3.58827e-14
0.692501,0.586087,1.98515e-09,1.6801e-09,4.60636e-10,1.0139e-14,1.63022e-09,3.58827e-14
0.692501,0.586087,1.98515e-09,1.6801e-09,4.60636e-10,1.0139e-14,1.63022e-09,3.58827e-14
0.692501,0.586087,1.98515e-09,1.6801e-09,4.60636e-10,1.0139e-14,1.63022e-09,3.58827e-14
0.692501,0.586087,1.98515e-09,1.6801e-09,4.60636e-10,1.0139e-14,1.63022e-09,3.58827e-14
0.692501,0.586087,1.98515e-09,1.6801e-09,4.60636e-10,1.0139e-14,1.63022e-09,3.58827e-14
0.692501,0.586087,1.98515e-09,1.6801e-09,4.60636e-10,1.0139e-14,1.63022e-09,3.58827e-14
0.692501,0.586087,1.98515e-09,1.6801e-09,4.60636e-10,1.0139e-14,1.63022e-09,3.58827e-14
0.692501,0.586087,1.98515e-09,1.6801e-09,4.60636e-10,1.0139e-14,1.63022e-09,3.58827e-14
0.692501,0.586087,1.98515e-09,1.6801e-09,4.60636e-10,1.0139e-14,1.63022e-09,3.58827e-14
0.692501,0.586087,1.98515e-09,1.6801e-09,4.60636e-10,1.0139e-14,1.63022e-09,3.58827e-14
0.692501,0.586087,1.98515e-09,1.6801e-09,4.60636e-10,1.0139e-14,1.63022e-09,3.58827e-14
0.692501,0.586087,1.98515e-09,1.6801e-09,4.60636e-10,1.0139e-14,1.63022e-09,3.58827e-14
0.692501,0.586087,1.98515e-09,1.6801e-09,4.60636e-10,1.0139e-14,1.63022e-09,3.58827e-14
0.692501,0.586087,1.98515e-09,1.6801e-09,4.60636e-10,1.0139e-14,1.63022e-09,3.58827e-14
0.692501,0.586087,1.98515e-09,1.6801e-09,4.60636e-10,1.0139e-14,1.63022e-09,3.58827e-14
0.692501,0.586087,1.98515e-09,1.6801e-09,4.60636e-10,1.0139e-14,1.63022e-09,3.58827e-14
0.692501,0.586087,1.98515e-09,1.6801e-09,4.60636e-10,1.0139e-14,1.63022e-09,3.58827e-14
0.692501,0.586087,1.98515e-09,1.6801e-09,4.60636e-10,1.0139e-14,1.63022e-09,3.58827e-14
0.692501,0.586087,1.98515e-09,1.6801e-09,4.60636e-10,1.0139e-14,1.63022e-09,3.58827e-14
0.692501,0.586087,1.98515e-09,1.6801e-09,4.60636e-10,1.0139e-14,1.63022e-09,3.58827e-14
0.692501,0.586087,1.98515e-09,1.6801e-09,4.60636e-10,1.0139e-14,1.63022e-09,3.58827e-14
0.692501,0.586087,1.98515e-09,1.6801e-09,4.60636e-10,1.0139e-14,1.63022e-09,3.58827e-14
0.692501,0.586087,1.98515e-09,1.6801e-09,4.60636e-10,1.0139e-14,1.63022e-09,3.58827e-14
0.692501,0.586087,1.98515e-09,1.6801e-09,4.60636e-10,1.0139e-14,1.63022e-09,3.58827e-14
0.692501,0.586087,1.98515e-09,1.6801e-09,4.60636e-10,1.0139e-14,1.63022e-09,3.58827e-14
0.692501,0.586087,1.98515e-09,1.6801e-09,4.60636e-10,1.0139e-14,1.63022e-09,3.58827e-14
0.692501,0.586087,1.98515e-09,1.6801e-09,4.60636e-10,1.0139e-14,1.63022e-09,3.58827e-14
0.692501,0.586087,1.98515e-09,1.6801e-09,4.60636e-10,1.0139e-14,1.63022e-09,3.58827e-14
0.692501,0.586087,1.98515e-09,1.6801e-09,4.60636e-10,1.0139e-14,1.63022e-09,3.58827e-14
0.692501,0.586087,1.98515e-09,1.6801e-09,4.60636e-10,1.0139e-14,1.63022e-09,3.58827e-14
0.692501,0.586087,1.98515e-09,1.6801e-09,4.60636e-10,1.0139e-14,1.63022e-09,3.58827e-14
0.692501,0.586087,1.98515e-09,1.6801e-09,4.60636e-10,1.0139e-14,1.63022e-09,3.58827e-14
0.692501,0.586087,1.98515e-09,1.6801e-09,4.60636e-10,1.0139e-14,1.63022e-09,3.58827e-14
0.692501,0.586087,1.98515e-09,1.6801e-09,4.60636e-10,1.0139e-14,1.63022e-09,3.58827e-14
0.692501,0.586087,1.98515e-09,1.6801e-09,4.60636e-10,1.0139e-14,1.63022e-09,3.58827e-14
0.692501,0.586087,1.98515e-09,1.6801e-09,4.60636e-10,1.0139e-14,1.63022e-09,3.58827e-14
0.692501,0.586087,1.98515e-09,1.6801e-09,4.60636e-10,1.0139e-14,1.63022e-09,3.58827e-14
0.692501,0.586087,1.98515e-09,1.6801e-09,4.60636e-10,1.0139e-14,1.63022e-09,3.58827e-14
0.692501,0.586087,1.98515e-09,1.6801e-09,4.60636e-10,1.0139e-14,1.63022e-09,3.58827e-14
0.692501,0.586087,1.98515e-09,1.6801e-09,4.60636e-10,1.0139e-14,1.63022e-09,3.58827e-14
0.692501,0.586087,1.98515e-09,1.6801e-09,4.60636e-10,1.0139e-14,1.63022e-09,3.58827e-14
0.692501,0.586087,1.98515e-09,1.6801e-09,4.60636e-10,1.0139e-14,1.63022e-09,3.58827e-14
0.692501,0.586087,1.98515e-09,1.6801e-09,4.60636e-10,1.0139e-14,1.63022e-09,3.58827e-14
0.692501,0.586087,1.98515e-09,1.6801e-09,4.60636e-10,1.0139e-14,1.63022e-09,3.58827e-14
0.692501,0.586087,1.98515e-09,1.6801e-09,4.60636e-10,1.0139e-14,1.63022e-09,3.58827e-14
0.692501,0.586087,1.98515e-09,1.6801e-09,4.60636e-10,1.0139e-14,1.63022e-09,3.58827e-14
0.692501,0.586087,1.98515e-09,1.6801e-09,4.60636e-10,1.0139e-14,1.63022e-09,3.58827e-14
0.692501,0.586087,1.98515e-09,1.6801e-09,4.60636e-10,1.0139e-14,1.63022e-09,3.58827e-14
0.692501,0.586087,1.98515e-09,1.6801e-09,4.60636e-10,1.0139e-14,1.63022e-09,3.58827e-14
0.692501,0.586087,1.98515e-09,1.6801e-09,4.60636e-10,1.0139e-14,1.63022e-09,3.58827e-14
0.692501,0.586087,1.98515e-09,1.6801e-09,4.60636e-10,1.0139e-14,1.63022e-09,3.58827e-14
0.692501,0.586087,1.98515e-09,1.6801e-09,4.60636e-10,1.0139e-14,1.63022e-09,3.58827e-14
0.692501,0.586087,1.98515e-09,1.6801e-09,4.60636e-10,1.0139e-14,1.63022e-09,3.58827e-14
0.692501,0.586087,1.98515e-09,1.6801e-09,4.60636e-10,1.0139e-14,1.63022e-09,3.58827e-14
0.692501,0.586087,1.98515e-09,1.6801e-09,4.60636e-10,1.0139e-14,1.63022e-09,3.58827e-14
0.692501,0.586087,1.98515e-09,1.6801e-09,4.60636e-10,1.0139e-14,1.63022e-09,3.58827e-14
0.692501,0.586087,1.98515e-09,1.6801e-09,4.60636e-10,1.0139e-14,1.63022e-09,3.58827e-14
0.692501,0.586087,1.98515e-09,1.6801e-09,4.60636e-10,1.0139e-14,1.63022e-09,3.58827e-14
0.692501,0.586087,1.98515e-09,1.6801e-09,4.60636e-10,1.0139e-14,1.63022e-09,3.58827e-14
0.692501,0.586087,1.98515e-09,1.6801e-09,4.60636e-10,1.0139e-14,1.63022e-09,3.58827e-14
0.692501,0.586087,1.98515e-09,1.6801e-09,4.60636e-10,1.0139e-14,1.63022e-09,3.58827e-14
0.692501,0.586087,1.98515e-09,1.6801e-09,4.60636e-10,1.0139e-14,1.63022e-09,3.58827e-14
0.692501,0.586087,1.98515e-09,1.6801e-09,4.60636e-10,1.0139e-14,1.63022e-09,3.58827e-14
0.692501,0.586087,1.98515e-09,1.6801e-09,4.60636e-10,1.0139e-14,1.63022e-09,3.58827e-14
0.692501,0.586087,1.98515e-09,1.6801e-09,4.60636e-10,1.0139e-14,1.63022e-09,3.58827e-14
0.692501,0.586087,1.98515e-09,1.6801e-09,4.60636e-10,1.0139e-14,1.63022e-09,3.58827e-14
0.692501,0.586087,1.98515e-09,1.6801e-09,4.60636e-10,1.0139e-14,1.63022e-09,3.58827e-14
0.692501,0.586087,1.98515e-09,1.6801e-09,4.60636e-10,1.0139e-14,1.63022e-09,3.58827e-14
0.692501,0.586087,1.98515e-09,1.6801e-09,4.60636e-10,1.0139e-14,1.63022e-09,3.58827e-14
0.692501,0.586087,1.98515e-09,1.6801e-09,4.60636e-10,1.0139e-14,1.63022e-09,3.58827e-14
0.692501,0.586087,1.98515e-09,1.6801e-09,4.60636e-10,1.0139e-14,1.63022e-09,3.58827e-14
0.692501,0.586087,1.98515e-09,1.6801e-09,4.60636e-10,1.0139e-14,1.63022e-09,3.58827e-14
0.692501,0.586087,1.98515e-09,1.6801e-09,4.60636e-10,1.0139e-14,1.63022e-09,3.58827e-14
0.692501,0.586087,1.98515e-09,1.6801e-09,4.60636e-10,1.0139e-14,1.63022e-09,3.58827e-14
0.692501,0.586087,1.98515e-09,1.6801e-09,4.60636e-10,1.0139e-14,1.63022e-09,3.58827e-14
0.692501,0.586087,1.98515e-09,1.6801e-09,4.60636e-10,1.0139e-14,1.63022e-09,3.58827e-14
0.692501,0.586087,1.98515e-09,1.6801e-09,4.60636e-10,1.0139e-14,1.63022e-09,3.58827e-14
0.692501,0.586087,1.98515e-09,1.6801e-09,4.60636e-10,1.0139e-14,1.63022e-09,3.58827e-14
0.692501,0.586087,1.98515e-09,1.6801e-09,4.60636e-10,1.0139e-14,1.63022e-09,3.58827e-14
0.692501,0.586087,1.98515e-09,1.6801e-09,4.60636e-10,1.0139e-14,1.63022e-09,3.58827e-14
0.692501,0.586087,1.98515e-09,1.6801e-09,4.60636e-10,1.0139e-14,1.63022e-09,3.58827e-14
0.692501,0.586087,1.98515e-09,1.6801e-09,4.60636e-10,1.0139e-14,1.63022e-09,3.58827e-14
0.692501,0.586087,1.98515e-09,1.6801e-09,4.60636e-10,1.0139e-14,1.63022e-09,3.58827e-14
0.692501,0.586087,1.98515e-09,1.6801e-09,4.60636e-10,1.0139e-14,1.63022e-09,3.58827e-14
0.692501,0.586087,1.98515e-09,1.6801e-09,4.60636e-10,1.0139e-14,1.63022e-09,3.58827e-14
0.692501,0.586087,1.98515e-09,1.6801e-09,4.60636e-10,1.0139e-14,1.63022e-09,3.58827e-14
0.692501,0.586087,1.98515e-09,1.6801e-09,4.60636e-10,1.0139e-14,1.63022e-09,3.58827e-14
0.692501,0.586087,1.98515e-09,1.6801e-09,4.60636e-10,1.0139e-14,1.63022e-09,3.58827e-14
0.692501,0.586087,1.98515e-09,1.6801e-09,4.60636e-10,1.0139e-14,1.63022e-09,3.58827e-14
0.692501,0.586087,1.98515e-09,1.6801e-09,4.60636e-10,1.0139e-14,1.63022e-09,3.58827e-14
0.692501,0.586087,1.98515e-09,1.6801e-09,4.60636e-10,1.0139e-14,1.63022e-09,3.58827e-14
0.692501,0.586087,1.98515e-09,1.6801e-09,4.60636e-10,1.0139e-14,1.63022e-09,3.58827e-14
0.692501,0.586087,1.98515e-09,1.6801e-09,4.60636e-10,1.0139e-14,1.63022e-09,3.58827e-14
0.692501,0.586087,1.98515e-09,1.6801e-09,4.60636e-10,1.0139e-14,1.63022e-09,3.58827e-14
0.692501,0.586087,1.98515e-09,1.6801e-09,4.60636e-10,1.0139e-14,1.63022e-09,3.58827e-14
0.692501,0.586087,1.98515e-09,1.6801e-09,4.60636e-10,1.0139e-14,1.63022e-09,3.58827e-14
0.692501,0.586087,1.98515e-09,1.6801e-09,4.60636e-10,1.0139e-14,1.63022e-09,3.58827e-14
0.692501,0.586087,1.98515e-09,1.6801e-09,4.60636e-10,1.0139e-14,1.63022e-09,3.58827e-14
0.692501,0.586087,1.98515e-09,1.6801e-09,4.60636e-10,1.0139e-14,1.63022e-09,3.58827e-14
0.692501,0.586087,1.98515e-09,1.6801e-09,4.60636e-10,1.0139e-14,1.63022e-09,3.58827e-14
0.692501,0.586087,1.98515e-09,1.6801e-09,4.60636e-10,1.0139e-14,1.63022e-09,3.58827e-14
0.692501,0.586087,1.98515e-09,1.6801e-09,4.60636e-10,1.0139e-14,1.63022e-09,3.58827e-14
0.692501,0.586087,1.98515e-09,1.6801e-09,4.60636e-10,1.0139e-14,1.63022e-09,3.58827e-14
0.692501,0.586087,1.98515e-09,1.6801e-09,4.60636e-10,1.0139e-14,1.63022e-09,3.58827e-14
0.692501,0.586087,1.98515e-09,1.6801e-09,4.60636e-10,1.0139e-14,1.63022e-09,3.58827e-14
0.692501,0.586087,1.98515e-09,1.6801e-09,4.60636e-10,1.0139e-14,1.63022e-09,3.58827e-14
0.692501,0.586087,1.98515e-09,1.6801e-09,4.60636e-10,1.0139e-14,1.63022e-09,3.58827e-14
0.692501,0.586087,1.98515e-09,1.6801e-09,4.60636e-10,1.0139e-14,1.63022e-09,3.58827e-14
0.692501,0.586087,1.98515e-09,1.6801e-09,4.60636e-10,1.0139e-14,1.63022e-09,3.58827e-14
0.692501,0.586087,1.98515e-09,1.6801e-09,4.60636e-10,1.0139e-14,1.63022e-09,3.58827e-14
0.692501,0.586087,1.98515e-09,1.6801e-09,4.60636e-10,1.0139e-14,1.63022e-09,3.58827e-14
0.692501,0.586087,1.98515e-09,1.6801e-09,4.60636e-10,1.0139e-14,1.63022e-09,3.58827e-14
0.692501,0.586087,1.98515e-09,1.6801e-09,4.60636e-10,1.0139e-14,1.63022e-09,3.58827e-14
0.692501,0.586087,1.98515e-09,1.6801e-09,4.60636e-10,1.0139e-14,1.63022e-09,3.58827e-14
0.692501,0.586087,1.98515e-09,1.6801e-09,4.60636e-10,1.0139e-14,1.63022e-09,3.58827e-14
0.692501,0.586087,1.98515e-09,1.6801e-09,4.60636e-10,1.0139e-14,1.63022e-09,3.58827e-14
0.692501,0.586087,1.98515e-09,1.6801e-09,4.60636e-10,1.0139e-14,1.63022e-09,3.58827e-14
0.692501,0.586087,1.98515e-09,1.6801e-09,4.60636e-10,1.0139e-14,1.63022e-09,3.58827e-14
0.692501,0.586087,1.98515e-09,1.6801e-09,4.60636e-10,1.0139e-14,1.63022e-09,3.58827e-14
0.692501,0.586087,1.98515e-09,1.6801e-09,4.60636e-10,1.0139e-14,1.63022e-09,3.58827e-14
0.692501,0.586087,1.98515e-09,1.6801e-09,4.60636e-10,1.0139e-14,1.63022e-09,3.58827e-14
0.692501,0.586087,1.98515e-09,1.6801e-09,4.60636e-10,1.0139e-14,1.63022e-09,3.58827e-14
0.692501,0.586087,1.98515e-09,1.6801e-09,4.60636e-10,1.0139e-14,1.63022e-09,3.58827e-14
0.692501,0.586087,1.98515e-09,1.6801e-09,4.60636e-10,1.0139e-14,1.63022e-09,3.58827e-14
0.692501,0.586087,1.98515e-09,1.6801e-09,4.60636e-10,1.0139e-14,1.63022e-09,3.58827e-14
0.692501,0.586087,1.98515e-09,1.6801e-09,4.60636e-10,1.0139e-14,1.63022e-09,3.58827e-14
0.692501,0.586087,1.98515e-09,1.6801e-09,4.60636e-10,1.0139e-14,1.63022e-09,3.58827e-14
0.692501,0.586087,1.98515e-09,1.6801e-09,4.60636e-10,1.0139e-14,1.63022e-09,3.58827e-14
0.692501,0.586087,1.98515e-09,1.6801e-09,4.60636e-10,1.0139e-14,1.63022e-09,3.58827e-14
0.692501,0.586087,1.98515e-09,1.6801e-09,4.60636e-10,1.0139e-14,1.63022e-09,3.58827e-14
0.692501,0.586087,1.98515e-09,1.6801e-09,4.60636e-10,1.0139e-14,1.63022e-09,3.58827e-14
0.692501,0.586087,1.98515e-09,1.6801e-09,4.60636e-10,1.0139e-14,1.63022e-09,3.58827e-14
0.692501,0.586087,1.98515e-09,1.6801e-09,4.60636e-10,1.0139e-14,1.63022e-09,3.58827e-14
0.692501,0.586087,1.98515e-09,1.6801e-09,4.60636e-10,1.0139e-14,1.63022e-09,3.58827e-14
0.692501,0.586087,1.98515e-09,1.6801e-09,4.60636e-10,1.0139e-14,1.63022e-09,3.58827e-14
0.692501,0.586087,1.98515e-09,1.6801e-09,4.60636e-10,1.0139e-14,1.63022e-09,3.58827e-14
0.692501,0.586087,1.98515e-09,1.6801e-09,4.60636e-10,1.0139e-14,1.63022e-09,3.58827e-14
0.692501,0.586087,1.98515e-09,1.6801e-09,4.60636e-10,1.0139e-14,1.63022e-09,3.58827e-14
0.692501,0.586087,1.98515e-09,1.6801e-09,4.60636e-10,1.0139e-14,1.63022e-09,3.58827e-14
0.692501,0.586087,1.98515e-09,1.6801e-09,4.60636e-10,1.0139e-14,1.63022e-09,3.58827e-14
0.692501,0.586087,1.98515e-09,1.6801e-09,4.60636e-10,1.0139e-14,1.63022e-09,3.58827e-14
0.692501,0.586087,1.98515e-09,1.6801e-09,4.60636e-10,1.0139e-14,1.63022e-09,3.58827e-14
0.692501,0.586087,1.98515e-09,1.6801e-09,4.60636e-10,1.0139e-14,1.63022e-09,3.58827e-14
0.692501,0.586087,1.98515e-09,1.6801e-09,4.60636e-10,1.0139e-14,1.63022e-09,3.58827e-14
0.692501,0.586087,1.98515e-09,1.6801e-09,4.60636e-10,1.0139e-14,1.63022e-09,3.58827e-14
0.692501,0.586087,1.98515e-09,1.6801e-09,4.60636e-10,1.0139e-14,1.63022e-09,3.58827e-14
0.692501,0.586087,1.98515e-09,1.6801e-09,4.60636e-10,1.0139e-14,1.63022e-09,3.58827e-14
0.692501,0.586087,1.98515e-09,1.6801e-09,4.60636e-10,1.0139e-14,1.63022e-09,3.58827e-14
0.692501,0.586087,1.98515e-09,1.6801e-09,4.60636e-10,1.0139e-14,1.63022e-09,3.58827e-14
0.692501,0.586087,1.98515e-09,1.6801e-09,4.60636e-10,1.0139e-14,1.63022e-09,3.58827e-14
0.692501,0.586087,1.98515e-09,1.6801e-09,4.60636e-10,1.0139e-14,1.63022e-09,3.58827e-14
0.692501,0.586087,1.98515e-09,1.6801e-09,4.60636e-10,1.0139e-14,1.63022e-09,3.58827e-14
0.692501,0.586087,1.98515e-09,1.6801e-09,4.60636e-10,1.0139e-14,1.63022e-09,3.58827e-14
0.692501,0.586087,1.98515e-09,1.6801e-09,4.60636e-10,1.0139e-14,1.63022e-09,3.58827e-14
0.692501,0.586087,1.98515e-09,1.6801e-09,4.60636e-10,1.0139e-14,1.63022e-09,3.58827e-14
0.692501,0.586087,1.98515e-09,1.6801e-09,4.60636e-10,1.0139e-14,1.63022e-09,3.58827e-14
0.692501,0.586087,1.98515e-09,1.6801e-09,4.60636e-10,1.0139e-14,1.63022e-09,3.58827e-14
0.692501,0.586087,1.98515e-09,1.6801e-09,4.60636e-10,1.0139e-14,1.63022e-09,3.58827e-14
0.692501,0.586087,1.98515e-09,1.6801e-09,4.60636e-10,1.0139e-14,1.63022e-09,3.58827e-14
0.692501,0.586087,1.98515e-09,1.6801e-09,4.60636e-10,1.0139e-14,1.63022e-09,3.58827e-14
0.692501,0.586087,1.98515e-09,1.6801e-09,4.60636e-10,1.0139e-14,1.63022e-09,3.58827e-14
0.692501,0.586087,1.98515e-09,1.6801e-09,4.60636e-10,1.0139e-14,1.63022e-09,3.58827e-14
0.692501,0.586087,1.98515e-09,1.6801e-09,4.60636e-10,1.0139e-14,1.63022e-09,3.58827e-14
0.692501,0.586087,1.98515e-09,1.6801e-09,4.60636e-10,1.0139e-14,1.63022e-09,3.58827e-14
0.692501,0.586087,1.98515e-09,1.6801e-09,4.60636e-10,1.0139e-14,1.63022e-09,3.58827e-14
0.692501,0.586087,1.98515e-09,1.6801e-09,4.60636e-10,1.0139e-14,1.63022e-09,3.58827e-14
0.692501,0.586087,1.98515e-09,1.6801e-09,4.60636e-10,1.0139e-14,1.63022e-09,3.58827e-14
0.692501,0.586087,1.98515e-09,1.6801e-09,4.60636e-10,1.0139e-14,1.63022e-09,3.58827e-14
0.692501,0.586087,1.98515e-09,1.6801e-09,4.60636e-10,1.0139e-14,1.63022e-09,3.58827e-14
0.692501,0.586087,1.98515e-09,1.6801e-09,4.60636e-10,1.0139e-14,1.63022e-09,3.58827e-14
0.692501,0.586087,1.98515e-09,1.6801e-09,4.60636e-10,1.0139e-14,1.63022e-09,3.58827e-14
0.692501,0.586087,1.98515e-09,1.6801e-09,4.60636e-10,1.0139e-14,1.63022e-09,3.58827e-14
0.692501,0.586087,1.98515e-09,1.6801e-09,4.60636e-10,1.0139e-14,1.63022e-09,3.58827e-14
0.692501,0.586087,1.98515e-09,1.6801e-09,4.60636e-10,1.0139e-14,1.63022e-09,3.58827e-14
0.692501,0.586087,1.98515e-09,1.6801e-09,4.60636e-10,1.0139e-14,1.63022e-09,3.58827e-14
0.692501,0.586087,1.98515e-09,1.6801e-09,4.60636e-10,1.0139e-14,1.63022e-09,3.58827e-14
0.692501,0.586087,1.98515e-09,1.6801e-09,4.60636e-10,1.0139e-14,1.63022e-09,3.58827e-14
0.692501,0.586087,1.98515e-09,1.6801e-09,4.60636e-10,1.0139e-14,1.63022e-09,3.58827e-14
0.692501,0.586087,1.98515e-09,1.6801e-09,4.60636e-10,1.0139e-14,1.63022e-09,3.58827e-14
0.692501,0.586087,1.98515e-09,1.6801e-09,4.60636e-10,1.0139e-14,1.63022e-09,3.58827e-14
0.692501,0.586087,1.98515e-09,1.6801e-09,4.60636e-10,1.0139e-14,1.63022e-09,3.58827e-14
0.692501,0.586087,1.98515e-09,1.6801e-09,4.60636e-10,1.0139e-14,1.63022e-09,3.58827e-14
0.692501,0.586087,1.98515e-09,1.6801e-09,4.60636e-10,1.0139e-14,1.63022e-09,3.58827e-14
0.692501,0.586087,1.98515e-09,1.6801e-09,4.60636e-10,1.0139e-14,1.63022e-09,3.58827e-14
0.692501,0.586087,1.98515e-09,1.6801e-09,4.60636e-10,1.0139e-14,1.63022e-09,3.58827e-14
0.692501,0.586087,1.98515e-09,1.6801e-09,4.60636e-10,1.0139e-14,1.63022e-09,3.58827e-14
0.692501,0.586087,1.98515e-09,1.6801e-09,4.60636e-10,1.0139e-14,1.63022e-09,3.58827e-14
0.692501,0.586087,1.98515e-09,1.6801e-09,4.60636e-10,1.0139e-14,1.63022e-09,3.58827e-14
0.692501,0.586087,1.98515e-09,1.6801e-09,4.60636e-10,1.0139e-14,1.63022e-09,3.58827e-14
0.692501,0.586087,1.98515e-09,1.6801e-09,4.60636e-10,1.0139e-14,1.63022e-09,3.58827e-14
0.692501,0.586087,1.98515e-09,1.6801e-09,4.60636e-10,1.0139e-14,1.63022e-09,3.58827e-14
0.692501,0.586087,1.98515e-09,1.6801e-09,4.60636e-10,1.0139e-14,1.63022e-09,3.58827e-14
0.692501,0.586087,1.98515e-09,1.6801e-09,4.60636e-10,1.0139e-14,1.63022e-09,3.58827e-14
0.692501,0.586087,1.98515e-09,1.6801e-09,4.60636e-10,1.0139e-14,1.63022e-09,3.58827e-14
0.692501,0.586087,1.98515e-09,1.6801e-09,4.60636e-10,1.0139e-14,1.63022e-09,3.58827e-14
0.692501,0.586087,1.98515e-09,1.6801e-09,4.60636e-10,1.0139e-14,1.63022e-09,3.58827e-14
0.692501,0.586087,1.98515e-09,1.6801e-09,4.60636e-10,1.0139e-14,1.63022e-09,3.58827e-14
0.692501,0.586087,1.98515e-09,1.6801e-09,4.60636e-10,1.0139e-14,1.63022e-09,3.58827e-14
0.692501,0.586087,1.98515e-09,1.6801e-09,4.60636e-10,1.0139e-14,1.63022e-09,3.58827e-14
0.692501,0.586087,1.98515e-09,1.6801e-09,4.60636e-10,1.0139e-14,1.63022e-09,3.58827e-14
0.692501,0.586087,1.98515e-09,1.6801e-09,4.60636e-10,1.0139e-14,1.63022e-09,3.58827e-14
0.692501,0.586087,1.98515e-09,1.6801e-09,4.60636e-10,1.0139e-14,1.63022e-09,3.58827e-14
0.692501,0.586087,1.98515e-09,1.6801e-09,4.60636e-10,1.0139e-14,1.63022e-09,3.58827e-14
0.692501,0.586087,1.98515e-09,1.6801e-09,4.60636e-10,1.0139e-14,1.63022e-09,3.58827e-14
0.692501,0.586087,1.98515e-09,1.6801e-09,4.60636e-10,1.0139e-14,1.63022e-09,3.58827e-14
0.692501,0.586087,1.98515e-09,1.6801e-09,4.60636e-10,1.0139e-14,1.63022e-09,3.58827e-14
0.692501,0.586087,1.98515e-09,1.6801e-09,4.60636e-10,1.0139e-14,1.63022e-09,3.58827e-14
0.692501,0.586087,1.98515e-09,1.6801e-09,4.60636e-10,1.0139e-14,1.63022e-09,3.58827e-14
0.692501,0.586087,1.98515e-09,1.6801e-09,4.60636e-10,1.0139e-14,1.63022e-09,3.58827e-14
0.692501,0.586087,1.98515e-09,1.6801e-09,4.60636e-10,1.0139e-14,1.63022e-09,3.58827e-14
0.692501,0.586087,1.98515e-09,1.6801e-09,4.60636e-10,1.0139e-14,1.63022e-09,3.58827e-14
0.692501,0.586087,1.98515e-09,1.6801e-09,4.60636e-10,1.0139e-14,1.63022e-09,3.58827e-14
0.692501,0.586087,1.98515e-09,1.6801e-09,4.60636e-10,1.0139e-14,1.63022e-09,3.58827e-14
0.692501,0.586087,1.98515e-09,1.6801e-09,4.60636e-10,1.0139e-14,1.63022e-09,3.58827e-14
0.692501,0.586087,1.98515e-09,1.6801e-09,4.60636e-10,1.0139e-14,1.63022e-09,3.58827e-14
0.692501,0.586087,1.98515e-09,1.6801e-09,4.60636e-10,1.0139e-14,1.63022e-09,3.58827e-14
0.692501,0.586087,1.98515e-09,1.6801e-09,4.60636e-10,1.0139e-14,1.63022e-09,3.58827e-14
0.692501,0.586087,1.98515e-09,1.6801e-09,4.60636e-10,1.0139e-14,1.63022e-09,3.58827e-14
0.692501,0.586087,1.98515e-09,1.6801e-09,4.60636e-10,1.0139e-14,1.63022e-09,3.58827e-14
0.692501,0.586087,1.98515e-09,1.6801e-09,4.60636e-10,1.0139e-14,1.63022e-09,3.58827e-14
0.692501,0.586087,1.98515e-09,1.6801e-09,4.60636e-10,1.0139e-14,1.63022e-09,3.58827e-14
0.692501,0.586087,1.98515e-09,1.6801e-09,4.60636e-10,1.0139e-14,1.63022e-09,3.58827e-14
0.692501,0.586087,1.98515e-09,1.6801e-09,4.60636e-10,1.0139e-14,1.63022e-09,3.58827e-14
0.692501,0.586087,1.98515e-09,1.6801e-09,4.60636e-10,1.0139e-14,1.63022e-09,3.58827e-14
0.692501,0.586087,1.98515e-09,1.6801e-09,4.60636e-10,1.0139e-14,1.63022e-09,3.58827e-14
0.692501,0.586087,1.98515e-09,1.6801e-09,4.60636e-10,1.0139e-14,1.63022e-09,3.58827e-14
0.692501,0.586087,1.98515e-09,1.6801e-09,4.60636e-10,1.0139e-14,1.63022e-09,3.58827e-14
0.692501,0.586087,1.98515e-09,1.6801e-09,4.60636e-10,1.0139e-14,1.63022e-09,3.58827e-14
0.692501,0.586087,1.98515e-09,1.6801e-09,4.60636e-10,1.0139e-14,1.63022e-09,3.58827e-14
0.692501,0.586087,1.98515e-09,1.6801e-09,4.60636e-10,1.0139e-14,1.63022e-09,3.58827e-14
0.692501,0.586087,1.98515e-09,1.6801e-09,4.60636e-10,1.0139e-14,1.63022e-09,3.58827e-14
0.692501,0.586087,1.98515e-09,1.6801e-09,4.60636e-10,1.0139e-14,1.63022e-09,3.58827e-14
0.692501,0.586087,1.98515e-09,1.6801e-09,4.60636e-10,1.0139e-14,1.63022e-09,3.58827e-14
0.692501,0.586087,1.98515e-09,1.6801e-09,4.60636e-10,1.0139e-14,1.63022e-09,3.58827e-14
0.692501,0.586087,1.98515e-09,1.6801e-09,4.60636e-10,1.0139e-14,1.63022e-09,3.58827e-14
0.692501,0.586087,1.98515e-09,1.6801e-09,4.60636e-10,1.0139e-14,1.63022e-09,3.58827e-14
0.692501,0.586087,1.98515e-09,1.6801e-09,4.60636e-10,1.0139e-14,1.63022e-09,3.58827e-14
0.692501,0.586087,1.98515e-09,1.6801e-09,4.60636e-10,1.0139e-14,1.63022e-09,3.58827e-14
0.692501,0.586087,1.98515e-09,1.6801e-09,4.60636e-10,1.0139e-14,1.63022e-09,3.58827e-14
0.692501,0.586087,1.98515e-09,1.6801e-09,4.60636e-10,1.0139e-14,1.63022e-09,3.58827e-14
0.692501,0.586087,1.98515e-09,1.6801e-09,4.60636e-10,1.0139e-14,1.63022e-09,3.58827e-14
0.692501,0.586087,1.98515e-09,1.6801e-09,4.60636e-10,1.0139e-14,1.63022e-09,3.58827e-14
0.692501,0.586087,1.98515e-09,1.6801e-09,4.60636e-10,1.0139e-14,1.63022e-09,3.58827e-14
0.692501,0.586087,1.98515e-09,1.6801e-09,4.60636e-10,1.0139e-14,1.63022e-09,3.58827e-14
0.692501,0.586087,1.98515e-09,1.6801e-09,4.60636e-10,1.0139e-14,1.63022e-09,3.58827e-14
0.692501,0.586087,1.98515e-09,1.6801e-09,4.60636e-10,1.0139e-14,1.63022e-09,3.58827e-14
0.692501,0.586087,1.98515e-09,1.6801e-09,4.60636e-10,1.0139e-14,1.63022e-09,3.58827e-14
0.692501,0.586087,1.98515e-09,1.6801e-09,4.60636e-10,1.0139e-14,1.63022e-09,3.58827e-14
0.692501,0.586087,1.98515e-09,1.6801e-09,4.60636e-10,1.0139e-14,1.63022e-09,3.58827e-14
0.692501,0.586087,1.98515e-09,1.6801e-09,4.60636e-10,1.0139e-14,1.63022e-09,3.58827e-14
0.692501,0.586087,1.98515e-09,1.6801e-09,4.60636e-10,1.0139e-14,1.63022e-09,3.58827e-14
0.692501,0.586087,1.98515e-09,1.6801e-09,4.60636e-10,1.0139e-14,1.63022e-09,3.58827e-14
0.692501,0.586087,1.98515e-09,1.6801e-09,4.60636e-10,1.0139e-14,1.63022e-09,3.58827e-14
0.692501,0.586087,1.98515e-09,1.6801e-09,4.60636e-10,1.0139e-14,1.63022e-09,3.58827e-14
0.692501,0.586087,1.98515e-09,1.6801e-09,4.60636e-10,1.0139e-14,1.63022e-09,3.58827e-14
0.692501,0.586087,1.98515e-09,1.6801e-09,4.60636e-10,1.0139e-14,1.63022e-09,3.58827e-14
0.692501,0.586087,1.98515e-09,1.6801e-09,4.60636e-10,1.0139e-14,1.63022e-09,3.58827e-14
0.692501,0.586087,1.98515e-09,1.6801e-09,4.60636e-10,1.0139e-14,1.63022e-09,3.58827e-14
0.692501,0.586087,1.98515e-09,1.6801e-09,4.60636e-10,1.0139e-14,1.63022e-09,3.58827e-14
0.692501,0.586087,1.98515e-09,1.6801e-09,4.60636e-10,1.0139e-14,1.63022e-09,3.58827e-14
0.692501,0.586087,1.98515e-09,1.6801e-09,4.60636e-10,1.0139e-14,1.63022e-09,3.58827e-14
0.692501,0.586087,1.98515e-09,1.6801e-09,4.60636e-10,1.0139e-14,1.63022e-09,3.58827e-14
0.692501,0.586087,1.98515e-09,1.6801e-09,4.60636e-10,1.0139e-14,1.63022e-09,3.58827e-14
0.692501,0.586087,1.98515e-09,1.6801e-09,4.60636e-10,1.0139e-14,1.63022e-09,3.58827e-14
0.692501,0.586087,1.98515e-09,1.6801e-09,4.60636e-10,1.0139e-14,1.63022e-09,3.58827e-14
0.692501,0.586087,1.98515e-09,1.6801e-09,4.60636e-10,1.0139e-14,1.63022e-09,3.58827e-14
0.692501,0.586087,1.98515e-09,1.6801e-09,4.60636e-10,1.0139e-14,1.63022e-09,3.58827e-14
0.692501,0.586087,1.98515e-09,1.6801e-09,4.60636e-10,1.0139e-14,1.63022e-09,3.58827e-14
0.692501,0.586087,1.98515e-09,1.6801e-09,4.60636e-10,1.0139e-14,1.63022e-09,3.58827e-14
0.692501,0.586087,1.98515e-09,1.6801e-09,4.60636e-10,1.0139e-14,1.63022e-09,3.58827e-14
0.692501,0.586087,1.98515e-09,1.6801e-09,4.60636e-10,1.0139e-14,1.63022e-09,3.58827e-14
0.692501,0.586087,1.98515e-09,1.6801e-09,4.60636e-10,1.0139e-14,1.63022e-09,3.58827e-14
0.692501,0.586087,1.98515e-09,1.6801e-09,4.60636e-10,1.0139e-14,1.63022e-09,3.58827e-14
0.692501,0.586087,1.98515e-09,1.6801e-09,4.60636e-10,1.0139e-14,1.63022e-09,3.58827e-14
0.692501,0.586087,1.98515e-09,1.6801e-09,4.60636e-10,1.0139e-14,1.63022e-09,3.58827e-14
0.692501,0.586087,1.98515e-09,1.6801e-09,4.60636e-10,1.0139e-14,1.63022e-09,3.58827e-14
0.692501,0.586087,1.98515e-09,1.6801e-09,4.60636e-10,1.0139e-14,1.63022e-09,3.58827e-14
0.692501,0.586087,1.98515e-09,1.6801e-09,4.60636e-10,1.0139e-14,1.63022e-09,3.58827e-14
0.692501,0.586087,1.98515e-09,1.6801e-09,4.60636e-10,1.0139e-14,1.63022e-09,3.58827e-14
0.692501,0.586087,1.98515e-09,1.6801e-09,4.60636e-10,1.0139e-14,1.63022e-09,3.58827e-14
0.692501,0.586087,1.98515e-09,1.6801e-09,4.60636e-10,1.0139e-14,1.63022e-09,3.58827e-14
0.692501,0.586087,1.98515e-09,1.6801e-09,4.60636e-10,1.0139e-14,1.63022e-09,3.58827e-14
0.692501,0.586087,1.98515e-09,1.6801e-09,4.60636e-10,1.0139e-14,1.63022e-09,3.58827e-14
0.692501,0.586087,1.98515e-09,1.6801e-09,4.60636e-10,1.0139e-14,1.63022e-09,3.58827e-14
0.692501,0.586087,1.98515e-09,1.6801e-09,4.60636e-10,1.0139e-14,1.63022e-09,3.58827e-14
0.692501,0.586087,1.98515e-09,1.6801e-09,4.60636e-10,1.0139e-14,1.63022e-09,3.58827e-14
0.692501,0.586087,1.98515e-09,1.6801e-09,4.60636e-10,1.0139e-14,1.63022e-09,3.58827e-14
0.692501,0.586087,1.98515e-09,1.6801e-09,4.60636e-10,1.0139e-14,1.63022e-09,3.58827e-14
0.692501,0.586087,1.98515e-09,1.6801e-09,4.60636e-10,1.0139e-14,1.63022e-09,3.58827e-14
0.692501,0.586087,1.98515e-09,1.6801e-09,4.60636e-10,1.0139e-14,1.63022e-09,3.58827e-14
0.692501,0.586087,1.98515e-09,1.6801e-09,4.60636e-10,1.0139e-14,1.63022e-09,3.58827e-14
0.692501,0.586087,1.98515e-09,1.6801e-09,4.60636e-10,1.0139e-14,1.63022e-09,3.58827e-14
0.692501,0.586087,1.98515e-09,1.6801e-09,4.60636e-10,1.0139e-14,1.63022e-09,3.58827e-14
0.692501,0.586087,1.98515e-09,1.6801e-09,4.60636e-10,1.0139e-14,1.63022e-09,3.58827e-14
0.692501,0.586087,1.98515e-09,1.6801e-09,4.60636e-10,1.0139e-14,1.63022e-09,3.58827e-14
0.692501,0.586087,1.98515e-09,1.6801e-09,4.60636e-10,1.0139e-14,1.63022e-09,3.58827e-14
0.692501,0.586087,1.98515e-09,1.6801e-09,4.60636e-10,1.0139e-14,1.63022e-09,3.58827e-14
0.692501,0.586087,1.98515e-09,1.6801e-09,4.60636e-10,1.0139e-14,1.63022e-09,3.58827e-14
0.692501,0.586087,1.98515e-09,1.6801e-09,4.60636e-10,1.0139e-14,1.63022e-09,3.58827e-14
0.692501,0.586087,1.98515e-09,1.6801e-09,4.60636e-10,1.0139e-14,1.63022e-09,3.58827e-14
0.692501,0.586087,1.98515e-09,1.6801e-09,4.60636e-10,1.0139e-14,1.63022e-09,3.58827e-14
0.692501,0.586087,1.98515e-09,1.6801e-09,4.60636e-10,1.0139e-14,1.63022e-09,3.58827e-14
0.692501,0.586087,1.98515e-09,1.6801e-09,4.60636e-10,1.0139e-14,1.63022e-09,3.58827e-14
0.692501,0.586087,1.98515e-09,1.6801e-09,4.60636e-10,1.0139e-14,1.63022e-09,3.58827e-14
0.692501,0.586087,1.98515e-09,1.6801e-09,4.60636e-10,1.0139e-14,1.63022e-09,3.58827e-14
0.692501,0.586087,1.98515e-09,1.6801e-09,4.60636e-10,1.0139e-14,1.63022e-09,3.58827e-14
0.692501,0.586087,1.98515e-09,1.6801e-09,4.60636e-10,1.0139e-14,1.63022e-09,3.58827e-14
0.692501,0.586087,1.98515e-09,1.6801e-09,4.60636e-10,1.0139e-14,1.63022e-09,3.58827e-14
0.692501,0.586087,1.98515e-09,1.6801e-09,4.60636e-10,1.0139e-14,1.63022e-09,3.58827e-14
0.692501,0.586087,1.98515e-09,1.6801e-09,4.60636e-10,1.0139e-14,1.63022e-09,3.58827e-14
0.692501,0.586087,1.98515e-09,1.6801e-09,4.60636e-10,1.0139e-14,1.63022e-09,3.58827e-14
0.692501,0.586087,1.98515e-09,1.6801e-09,4.60636e-10,1.0139e-14,1.63022e-09,3.58827e-14
0.692501,0.586087,1.98515e-09,1.6801e-09,4.60636e-10,1.0139e-14,1.63022e-09,3.58827e-14
0.692501,0.586087,1.98515e-09,1.6801e-09,4.60636e-10,1.0139e-14,1.63022e-09,3.58827e-14
0.692501,0.586087,1.98515e-09,1.6801e-09,4.60636e-10,1.0139e-14,1.63022e-09,3.58827e-14
0.692501,0.586087,1.98515e-09,1.6801e-09,4.60636e-10,1.0139e-14,1.63022e-09,3.58827e-14
0.692501,0.586087,1.98515e-09,1.6801e-09,4.60636e-10,1.0139e-14,1.63022e-09,3.58827e-14
0.692501,0.586087,1.98515e-09,1.6801e-09,4.60636e-10,1.0139e-14,1.63022e-09,3.58827e-14
0.692501,0.586087,1.98515e-09,1.6801e-09,4.60636e-10,1.0139e-14,1.63022e-09,3.58827e-14
0.692501,0.586087,1.98515e-09,1.6801e-09,4.60636e-10,1.0139e-14,1.63022e-09,3.58827e-14
0.692501,0.586087,1.98515e-09,1.6801e-09,4.60636e-10,1.0139e-14,1.63022e-09,3.58827e-14
0.692501,0.586087,1.98515e-09,1.6801e-09,4.60636e-10,1.0139e-14,1.63022e-09,3.58827e-14
0.692501,0.586087,1.98515e-09,1.6801e-09,4.60636e-10,1.0139e-14,1.63022e-09,3.58827e-14
0.692501,0.586087,1.98515e-09,1.6801e-09,4.60636e-10,1.0139e-14,1.63022e-09,3.58827e-14
0.692501,0.586087,1.98515e-09,1.6801e-09,4.60636e-10,1.0139e-14,1.63022e-09,3.58827e-14
0.692501,0.586087,1.98515e-09,1.6801e-09,4.60636e-10,1.0139e-14,1.63022e-09,3.58827e-14
0.692501,0.586087,1.98515e-09,1.6801e-09,4.60636e-10,1.0139e-14,1.63022e-09,3.58827e-14
0.692501,0.586087,1.98515e-09,1.6801e-09,4.60636e-10,1.0139e-14,1.63022e-09,3.58827e-14
0.692501,0.586087,1.98515e-09,1.6801e-09,4.60636e-10,1.0139e-14,1.63022e-09,3.58827e-14
0.692501,0.586087,1.98515e-09,1.6801e-09,4.60636e-10,1.0139e-14,1.63022e-09,3.58827e-14
0.692501,0.586087,1.98515e-09,1.6801e-09,4.60636e-10,1.0139e-14,1.63022e-09,3.58827e-14
0.692501,0.586087,1.98515e-09,1.6801e-09,4.60636e-10,1.0139e-14,1.63022e-09,3.58827e-14
0.692501,0.586087,1.98515e-09,1.6801e-09,4.60636e-10,1.0139e-14,1.63022e-09,3.58827e-14
0.692501,0.586087,1.98515e-09,1.6801e-09,4.60636e-10,1.0139e-14,1.63022e-09,3.58827e-14
0.692501,0.586087,1.98515e-09,1.6801e-09,4.60636e-10,1.0139e-14,1.63022e-09,3.58827e-14
0.692501,0.586087,1.98515e-09,1.6801e-09,4.60636e-10,1.0139e-14,1.63022e-09,3.58827e-14
0.692501,0.586087,1.98515e-09,1.6801e-09,4.60636e-10,1.0139e-14,1.63022e-09,3.58827e-14
0.692501,0.586087,1.98515e-09,1.6801e-09,4.60636e-10,1.0139e-14,1.63022e-09,3.58827e-14
0.692501,0.586087,1.98515e-09,1.6801e-09,4.60636e-10,1.0139e-14,1.63022e-09,3.58827e-14
0.692501,0.586087,1.98515e-09,1.6801e-09,4.60636e-10,1.0139e-14,1.63022e-09,3.58827e-14
0.692501,0.586087,1.98515e-09,1.6801e-09,4.60636e-10,1.0139e-14,1.63022e-09,3.58827e-14
0.692501,0.586087,1.98515e-09,1.6801e-09,4.60636e-10,1.0139e-14,1.63022e-09,3.58827e-14
0.692501,0.586087,1.98515e-09,1.6801e-09,4.60636e-10,1.0139e-14,1.63022e-09,3.58827e-14
0.692501,0.586087,1.98515e-09,1.6801e-09,4.60636e-10,1.0139e-14,1.63022e-09,3.58827e-14
0.692501,0.586087,1.98515e-09,1.6801e-09,4.60636e-10,1.0139e-14,1.63022e-09,3.58827e-14
0.692501,0.586087,1.98515e-09,1.6801e-09,4.60636e-10,1.0139e-14,1.63022e-09,3.58827e-14
0.692501,0.586087,1.98515e-09,1.6801e-09,4.60636e-10,1.0139e-14,1.63022e-09,3.58827e-14
0.692501,0.586087,1.98515e-09,1.6801e-09,4.60636e-10,1.0139e-14,1.63022e-09,3.58827e-14
0.692501,0.586087,1.98515e-09,1.6801e-09,4.60636e-10,1.0139e-14,1.63022e-09,3.58827e-14
0.692501,0.586087,1.98515e-09,1.6801e-09,4.60636e-10,1.0139e-14,1.63022e-09,3.58827e-14
0.692501,0.586087,1.98515e-09,1.6801e-09,4.60636e-10,1.0139e-14,1.63022e-09,3.58827e-14
0.692501,0.586087,1.98515e-09,1.6801e-09,4.60636e-10,1.0139e-14,1.63022e-09,3.58827e-14
0.692501,0.586087,1.98515e-09,1.6801e-09,4.60636e-10,1.0139e-14,1.63022e-09,3.58827e-14
0.692501,0.586087,1.98515e-09,1.6801e-09,4.60636e-10,1.0139e-14,1.63022e-09,3.58827e-14
0.692501,0.586087,1.98515e-09,1.6801e-09,4.60636e-10,1.0139e-14,1.63022e-09,3.58827e-14
0.692501,0.586087,1.98515e-09,1.6801e-09,4.60636e-10,1.0139e-14,1.63022e-09,3.58827e-14
0.692501,0.586087,1.98515e-09,1.6801e-09,4.60636e-10,1.0139e-14,1.63022e-09,3.58827e-14
0.692501,0.586087,1.98515e-09,1.6801e-09,4.60636e-10,1.0139e-14,1.63022e-09,3.58827e-14
0.692501,0.586087,1.98515e-09,1.6801e-09,4.60636e-10,1.0139e-14,1.63022e-09,3.58827e-14
0.692501,0.586087,1.98515e-09,1.6801e-09,4.60636e-10,1.0139e-14,1.63022e-09,3.58827e-14
0.692501,0.586087,1.98515e-09,1.6801e-09,4.60636e-10,1.0139e-14,1.63022e-09,3.58827e-14
0.692501,0.586087,1.98515e-09,1.6801e-09,4.60636e-10,1.0139e-14,1.63022e-09,3.58827e-14
0.692501,0.586087,1.98515e-09,1.6801e-09,4.60636e-10,1.0139e-14,1.63022e-09,3.58827e-14
0.692501,0.586087,1.98515e-09,1.6801e-09,4.60636e-10,1.0139e-14,1.63022e-09,3.58827e-14
0.692501,0.586087,1.98515e-09,1.6801e-09,4.60636e-10,1.0139e-14,1.63022e-09,3.58827e-14
0.692501,0.586087,1.98515e-09,1.6801e-09,4.60636e-10,1.0139e-14,1.63022e-09,3.58827e-14
0.692501,0.586087,1.98515e-09,1.6801e-09,4.60636e-10,1.0139e-14,1.63022e-09,3.58827e-14
0.692501,0.586087,1.98515e-09,1.6801e-09,4.60636e-10,1.0139e-14,1.63022e-09,3.58827e-14
0.692501,0.586087,1.98515e-09,1.6801e-09,4.60636e-10,1.0139e-14,1.63022e-09,3.58827e-14
0.692501,0.586087,1.98515e-09,1.6801e-09,4.60636e-10,1.0139e-14,1.63022e-09,3.58827e-14
0.692501,0.586087,1.98515e-09,1.6801e-09,4.60636e-10,1.0139e-14,1.63022e-09,3.58827e-14
0.692501,0.586087,1.98515e-09,1.6801e-09,4.60636e-10,1.0139e-14,1.63022e-09,3.58827e-14
0.692501,0.586087,1.98515e-09,1.6801e-09,4.60636e-10,1.0139e-14,1.63022e-09,3.58827e-14
0.692501,0.586087,1.98515e-09,1.6801e-09,4.60636e-10,1.0139e-14,1.63022e-09,3.58827e-14
0.692501,0.586087,1.98515e-09,1.6801e-09,4.60636e-10,1.0139e-14,1.63022e-09,3.58827e-14
0.692501,0.586087,1.98515e-09,1.6801e-09,4.60636e-10,1.0139e-14,1.63022e-09,3.58827e-14
0.692501,0.586087,1.98515e-09,1.6801e-09,4.60636e-10,1.0139e-14,1.63022e-09,3.58827e-14
0.692501,0.586087,1.98515e-09,1.6801e-09,4.60636e-10,1.0139e-14,1.63022e-09,3.58827e-14
0.692501,0.586087,1.98515e-09,1.6801e-09,4.60636e-10,1.0139e-14,1.63022e-09,3.58827e-14
0.692501,0.586087,1.98515e-09,1.6801e-09,4.60636e-10,1.0139e-14,1.63022e-09,3.58827e-14
0.692501,0.586087,1.98515e-09,1.6801e-09,4.60636e-10,1.0139e-14,1.63022e-09,3.58827e-14
0.692501,0.586087,1.98515e-09,1.6801e-09,4.60636e-10,1.0139e-14,1.63022e-09,3.58827e-14
0.692501,0.586087,1.98515e-09,1.6801e-09,4.60636e-10,1.0139e-14,1.63022e-09,3.58827e-14
0.692501,0.586087,1.98515e-09,1.6801e-09,4.60636e-10,1.0139e-14,1.63022e-09,3.58827e-14
0.692501,0.586087,1.98515e-09,1.6801e-09,4.60636e-10,1.0139e-14,1.63022e-09,3.58827e-14
0.692501,0.586087,1.98515e-09,1.6801e-09,4.60636e-10,1.0139e-14,1.63022e-09,3.58827e-14
0.692501,0.586087,1.98515e-09,1.6801e-09,4.60636e-10,1.0139e-14,1.63022e-09,3.58827e-14
0.692501,0.586087,1.98515e-09,1.6801e-09,4.60636e-10,1.0139e-14,1.63022e-09,3.58827e-14
0.692501,0.586087,1.98515e-09,1.6801e-09,4.60636e-10,1.0139e-14,1.63022e-09,3.58827e-14
0.692501,0.586087,1.98515e-09,1.6801e-09,4.60636e-10,1.0139e-14,1.63022e-09,3.58827e-14
0.692501,0.586087,1.98515e-09,1.6801e-09,4.60636e-10,1.0139e-14,1.63022e-09,3.58827e-14
0.692501,0.586087,1.98515e-09,1.6801e-09,4.60636e-10,1.0139e-14,1.63022e-09,3.58827e-14
0.692501,0.586087,1.98515e-09,1.6801e-09,4.60636e-10,1.0139e-14,1.63022e-09,3.58827e-14
0.692501,0.586087,1.98515e-09,1.6801e-09,4.60636e-10,1.0139e-14,1.63022e-09,3.58827e-14
0.692501,0.586087,1.98515e-09,1.6801e-09,4.60636e-10,1.0139e-14,1.63022e-09,3.58827e-14
0.692501,0.586087,1.98515e-09,1.6801e-09,4.60636e-10,1.0139e-14,1.63022e-09,3.58827e-14
0.692501,0.586087,1.98515e-09,1.6801e-09,4.60636e-10,1.0139e-14,1.63022e-09,3.58827e-14
0.692501,0.586087,1.98515e-09,1.6801e-09,4.60636e-10,1.0139e-14,1.63022e-09,3.58827e-14
0.692501,0.586087,1.98515e-09,1.6801e-09,4.60636e-10,1.0139e-14,1.63022e-09,3.58827e-14
0.692501,0.586087,1.98515e-09,1.6801e-09,4.60636e-10,1.0139e-14,1.63022e-09,3.58827e-14
0.692501,0.586087,1.98515e-09,1.6801e-09,4.60636e-10,1.0139e-14,1.63022e-09,3.58827e-14
0.692501,0.586087,1.98515e-09,1.6801e-09,4.60636e-10,1.0139e-14,1.63022e-09,3.58827e-14
0.692501,0.586087,1.98515e-09,1.6801e-09,4.60636e-10,1.0139e-14,1.63022e-09,3.58827e-14
0.692501,0.586087,1.98515e-09,1.6801e-09,4.60636e-10,1.0139e-14,1.63022e-09,3.58827e-14
0.692501,0.586087,1.98515e-09,1.6801e-09,4.60636e-10,1.0139e-14,1.63022e-09,3.58827e-14
0.692501,0.586087,1.98515e-09,1.6801e-09,4.60636e-10,1.0139e-14,1.63022e-09,3.58827e-14
0.692501,0.586087,1.98515e-09,1.6801e-09,4.60636e-10,1.0139e-14,1.63022e-09,3.58827e-14
0.692501,0.586087,1.98515e-09,1.6801e-09,4.60636e-10,1.0139e-14,1.63022e-09,3.58827e-14
0.692501,0.586087,1.98515e-09,1.6801e-09,4.60636e-10,1.0139e-14,1.63022e-09,3.58827e-14
0.692501,0.586087,1.98515e-09,1.6801e-09,4.60636e-10,1.0139e-14,1.63022e-09,3.58827e-14
0.692501,0.586087,1.98515e-09,1.6801e-09,4.60636e-10,1.0139e-14,1.63022e-09,3.58827e-14
0.692501,0.586087,1.98515e-09,1.6801e-09,4.60636e-10,1.0139e-14,1.63022e-09,3.58827e-14
0.692501,0.586087,1.98515e-09,1.6801e-09,4.60636e-10,1.0139e-14,1.63022e-09,3.58827e-14
0.692501,0.586087,1.98515e-09,1.6801e-09,4.60636e-10,1.0139e-14,1.63022e-09,3.58827e-14
0.692501,0.586087,1.98515e-09,1.6801e-09,4.60636e-10,1.0139e-14,1.63022e-09,3.58827e-14
0.692501,0.586087,1.98515e-09,1.6801e-09,4.60636e-10,1.0139e-14,1.63022e-09,3.58827e-14
0.692501,0.586087,1.98515e-09,1.6801e-09,4.60636e-10,1.0139e-14,1.63022e-09,3.58827e-14
0.692501,0.586087,1.98515e-09,1.6801e-09,4.60636e-10,1.0139e-14,1.63022e-09,3.58827e-14
0.692501,0.586087,1.98515e-09,1.6801e-09,4.60636e-10,1.0139e-14,1.63022e-09,3.58827e-14
0.692501,0.586087,1.98515e-09,1.6801e-09,4.60636e-10,1.0139e-14,1.63022e-09,3.58827e-14
0.692501,0.586087,1.98515e-09,1.6801e-09,4.60636e-10,1.0139e-14,1.63022e-09,3.58827e-14
0.692501,0.586087,1.98515e-09,1.6801e-09,4.60636e-10,1.0139e-14,1.63022e-09,3.58827e-14
0.692501,0.586087,1.98515e-09,1.6801e-09,4.60636e-10,1.0139e-14,1.63022e-09,3.58827e-14
0.692501,0.586087,1.98515e-09,1.6801e-09,4.60636e-10,1.0139e-14,1.63022e-09,3.58827e-14
0.692501,0.586087,1.98515e-09,1.6801e-09,4.60636e-10,1.0139e-14,1.63022e-09,3.58827e-14
0.692501,0.586087,1.98515e-09,1.6801e-09,4.60636e-10,1.0139e-14,1.63022e-09,3.58827e-14
0.692501,0.586087,1.98515e-09,1.6801e-09,4.60636e-10,1.0139e-14,1.63022e-09,3.58827e-14
0.692501,0.586087,1.98515e-09,1.6801e-09,4.60636e-10,1.0139e-14,1.63022e-09,3.58827e-14
0.692501,0.586087,1.98515e-09,1.6801e-09,4.60636e-10,1.0139e-14,1.63022e-09,3.58827e-14
0.692501,0.586087,1.98515e-09,1.6801e-09,4.60636e-10,1.0139e-14,1.63022e-09,3.58827e-14
0.692501,0.586087,1.98515e-09,1.6801e-09,4.60636e-10,1.0139e-14,1.63022e-09,3.58827e-14
0.692501,0.586087,1.98515e-09,1.6801e-09,4.60636e-10,1.0139e-14,1.63022e-09,3.58827e-14
0.692501,0.586087,1.98515e-09,1.6801e-09,4.60636e-10,1.0139e-14,1.63022e-09,3.58827e-14
0.692501,0.586087,1.98515e-09,1.6801e-09,4.60636e-10,1.0139e-14,1.63022e-09,3.58827e-14
0.692501,0.586087,1.98515e-09,1.6801e-09,4.60636e-10,1.0139e-14,1.63022e-09,3.58827e-14
0.692501,0.586087,1.98515e-09,1.6801e-09,4.60636e-10,1.0139e-14,1.63022e-09,3.58827e-14
0.692501,0.586087,1.98515e-09,1.6801e-09,4.60636e-10,1.0139e-14,1.63022e-09,3.58827e-14
0.692501,0.586087,1.98515e-09,1.6801e-09,4.60636e-10,1.0139e-14,1.63022e-09,3.58827e-14
0.692501,0.586087,1.98515e-09,1.6801e-09,4.60636e-10,1.0139e-14,1.63022e-09,3.58827e-14
0.692501,0.586087,1.98515e-09,1.6801e-09,4.60636e-10,1.0139e-14,1.63022e-09,3.58827e-14
0.692501,0.586087,1.98515e-09,1.6801e-09,4.60636e-10,1.0139e-14,1.63022e-09,3.58827e-14
0.692501,0.586087,1.98515e-09,1.6801e-09,4.60636e-10,1.0139e-14,1.63022e-09,3.58827e-14
0.692501,0.586087,1.98515e-09,1.6801e-09,4.60636e-10,1.0139e-14,1.63022e-09,3.58827e-14
0.692501,0.586087,1.98515e-09,1.6801e-09,4.60636e-10,1.0139e-14,1.63022e-09,3.58827e-14
0.692501,0.586087,1.98515e-09,1.6801e-09,4.60636e-10,1.0139e-14,1.63022e-09,3.58827e-14
0.692501,0.586087,1.98515e-09,1.6801e-09,4.60636e-10,1.0139e-14,1.63022e-09,3.58827e-14
0.692501,0.586087,1.98515e-09,1.6801e-09,4.60636e-10,1.0139e-14,1.63022e-09,3.58827e-14
0.692501,0.586087,1.98515e-09,1.6801e-09,4.60636e-10,1.0139e-14,1.63022e-09,3.58827e-14
0.692501,0.586087,1.98515e-09,1.6801e-09,4.60636e-10,1.0139e-14,1.63022e-09,3.58827e-14
0.692501,0.586087,1.98515e-09,1.6801e-09,4.60636e-10,1.0139e-14,1.63022e-09,3.58827e-14
0.692501,0.586087,1.98515e-09,1.6801e-09,4.60636e-10,1.0139e-14,1.63022e-09,3.58827e-14
0.692501,0.586087,1.98515e-09,1.6801e-09,4.60636e-10,1.0139e-14,1.63022e-09,3.58827e-14
0.692501,0.586087,1.98515e-09,1.6801e-09,4.60636e-10,1.0139e-14,1.63022e-09,3.58827e-14
0.692501,0.586087,1.98515e-09,1.6801e-09,4.60636e-10,1.0139e-14,1.63022e-09,3.58827e-14
0.692501,0.586087,1.98515e-09,1.6801e-09,4.60636e-10,1.0139e-14,1.63022e-09,3.58827e-14
0.692501,0.586087,1.98515e-09,1.6801e-09,4.60636e-10,1.0139e-14,1.63022e-09,3.58827e-14
0.692501,0.586087,1.98515e-09,1.6801e-09,4.60636e-10,1.0139e-14,1.63022e-09,3.58827e-14
0.692501,0.586087,1.98515e-09,1.6801e-09,4.60636e-10,1.0139e-14,1.63022e-09,3.58827e-14
0.692501,0.586087,1.98515e-09,1.6801e-09,4.60636e-10,1.0139e-14,1.63022e-09,3.58827e-14
0.692501,0.586087,1.98515e-09,1.6801e-09,4.60636e-10,1.0139e-14,1.63022e-09,3.58827e-14
0.692501,0.586087,1.98515e-09,1.6801e-09,4.60636e-10,1.0139e-14,1.63022e-09,3.58827e-14
0.692501,0.586087,1.98515e-09,1.6801e-09,4.60636e-10,1.0139e-14,1.63022e-09,3.58827e-14
0.692501,0.586087,1.98515e-09,1.6801e-09,4.60636e-10,1.0139e-14,1.63022e-09,3.58827e-14
0.692501,0.586087,1.98515e-09,1.6801e-09,4.60636e-10,1.0139e-14,1.63022e-09,3.58827e-14
0.692501,0.586087,1.98515e-09,1.6801e-09,4.60636e-10,1.0139e-14,1.63022e-09,3.58827e-14
0.692501,0.586087,1.98515e-09,1.6801e-09,4.60636e-10,1.0139e-14,1.63022e-09,3.58827e-14
0.692501,0.586087,1.98515e-09,1.6801e-09,4.60636e-10,1.0139e-14,1.63022e-09,3.58827e-14
0.692501,0.586087,1.98515e-09,1.6801e-09,4.60636e-10,1.0139e-14,1.63022e-09,3.58827e-14
0.692501,0.586087,1.98515e-09,1.6801e-09,4.60636e-10,1.0139e-14,1.63022e-09,3.58827e-14
0.692501,0.586087,1.98515e-09,1.6801e-09,4.60636e-10,1.0139e-14,1.63022e-09,3.58827e-14
0.692501,0.586087,1.98515e-09,1.6801e-09,4.60636e-10,1.0139e-14,1.63022e-09,3.58827e-14
0.692501,0.586087,1.98515e-09,1.6801e-09,4.60636e-10,1.0139e-14,1.63022e-09,3.58827e-14
0.692501,0.586087,1.98515e-09,1.6801e-09,4.60636e-10,1.0139e-14,1.63022e-09,3.58827e-14
0.692501,0.586087,1.98515e-09,1.6801e-09,4.60636e-10,1.0139e-14,1.63022e-09,3.58827e-14
0.692501,0.586087,1.98515e-09,1.6801e-09,4.60636e-10,1.0139e-14,1.63022e-09,3.58827e-14
0.692501,0.586087,1.98515e-09,1.6801e-09,4.60636e-10,1.0139e-14,1.63022e-09,3.58827e-14
0.692501,0.586087,1.98515e-09,1.6801e-09,4.60636e-10,1.0139e-14,1.63022e-09,3.58827e-14
0.692501,0.586087,1.98515e-09,1.6801e-09,4.60636e-10,1.0139e-14,1.63022e-09,3.58827e-14
0.692501,0.586087,1.98515e-09,1.6801e-09,4.60636e-10,1.0139e-14,1.63022e-09,3.58827e-14
0.692501,0.586087,1.98515e-09,1.6801e-09,4.60636e-10,1.0139e-14,1.63022e-09,3.58827e-14
0.692501,0.586087,1.98515e-09,1.6801e-09,4.60636e-10,1.0139e-14,1.63022e-09,3.58827e-14
0.692501,0.586087,1.98515e-09,1.6801e-09,4.60636e-10,1.0139e-14,1.63022e-09,3.58827e-14
0.692501,0.586087,1.98515e-09,1.6801e-09,4.60636e-10,1.0139e-14,1.63022e-09,3.58827e-14
0.692501,0.586087,1.98515e-09,1.6801e-09,4.60636e-10,1.0139e-14,1.63022e-09,3.58827e-14
0.692501,0.586087,1.98515e-09,1.6801e-09,4.60636e-10,1.0139e-14,1.63022e-09,3.58827e-14
0.692501,0.586087,1.98515e-09,1.6801e-09,4.60636e-10,1.0139e-14,1.63022e-09,3.58827e-14
0.692501,0.586087,1.98515e-09,1.6801e-09,4.60636e-10,1.0139e-14,1.63022e-09,3.58827e-14
0.692501,0.586087,1.98515e-09,1.6801e-09,4.60636e-10,1.0139e-14,1.63022e-09,3.58827e-14
0.692501,0.586087,1.98515e-09,1.6801e-09,4.60636e-10,1.0139e-14,1.63022e-09,3.58827e-14
0.692501,0.586087,1.98515e-09,1.6801e-09,4.60636e-10,1.0139e-14,1.63022e-09,3.58827e-14
0.692501,0.586087,1.98515e-09,1.6801e-09,4.60636e-10,1.0139e-14,1.63022e-09,3.58827e-14
0.692501,0.586087,1.98515e-09,1.6801e-09,4.60636e-10,1.0139e-14,1.63022e-09,3.58827e-14
0.692501,0.586087,1.98515e-09,1.6801e-09,4.60636e-10,1.0139e-14,1.63022e-09,3.58827e-14
0.692501,0.586087,1.98515e-09,1.6801e-09,4.60636e-10,1.0139e-14,1.63022e-09,3.58827e-14
0.692501,0.586087,1.98515e-09,1.6801e-09,4.60636e-10,1.0139e-14,1.63022e-09,3.58827e-14
0.692501,0.586087,1.98515e-09,1.6801e-09,4.60636e-10,1.0139e-14,1.63022e-09,3.58827e-14
0.692501,0.586087,1.98515e-09,1.6801e-09,4.60636e-10,1.0139e-14,1.63022e-09,3.58827e-14
0.692501,0.586087,1.98515e-09,1.6801e-09,4.60636e-10,1.0139e-14,1.63022e-09,3.58827e-14
0.692501,0.586087,1.98515e-09,1.6801e-09,4.60636e-10,1.0139e-14,1.63022e-09,3.58827e-14
0.692501,0.586087,1.98515e-09,1.6801e-09,4.60636e-10,1.0139e-14,1.63022e-09,3.58827e-14
0.692501,0.586087,1.98515e-09,1.6801e-09,4.60636e-10,1.0139e-14,1.63022e-09,3.58827e-14
0.692501,0.586087,1.98515e-09,1.6801e-09,4.60636e-10,1.0139e-14,1.63022e-09,3.58827e-14
0.692501,0.586087,1.98515e-09,1.6801e-09,4.60636e-10,1.0139e-14,1.63022e-09,3.58827e-14
0.692501,0.586087,1.98515e-09,1.6801e-09,4.60636e-10,1.0139e-14,1.63022e-09,3.58827e-14
0.692501,0.586087,1.98515e-09,1.6801e-09,4.60636e-10,1.0139e-14,1.63022e-09,3.58827e-14
0.692501,0.586087,1.98515e-09,1.6801e-09,4.60636e-10,1.0139e-14,1.63022e-09,3.58827e-14
0.692501,0.586087,1.98515e-09,1.6801e-09,4.60636e-10,1.0139e-14,1.63022e-09,3.58827e-14
0.692501,0.586087,1.98515e-09,1.6801e-09,4.60636e-10,1.0139e-14,1.63022e-09,3.58827e-14
0.692501,0.586087,1.98515e-09,1.6801e-09,4.60636e-10,1.0139e-14,1.63022e-09,3.58827e-14
0.692501,0.586087,1.98515e-09,1.6801e-09,4.60636e-10,1.0139e-14,1.63022e-09,3.58827e-14
0.692501,0.586087,1.98515e-09,1.6801e-09,4.60636e-10,1.0139e-14,1.63022e-09,3.58827e-14
0.692501,0.586087,1.98515e-09,1.6801e-09,4.60636e-10,1.0139e-14,1.63022e-09,3.58827e-14
0.692501,0.586087,1.98515e-09,1.6801e-09,4.60636e-10,1.0139e-14,1.63022e-09,3.58827e-14
0.692501,0.586087,1.98515e-09,1.6801e-09,4.60636e-10,1.0139e-14,1.63022e-09,3.58827e-14
0.692501,0.586087,1.98515e-09,1.6801e-09,4.60636e-10,1.0139e-14,1.63022e-09,3.58827e-14
0.692501,0.586087,1.98515e-09,1.6801e-09,4.60636e-10,1.0139e-14,1.63022e-09,3.58827e-14
0.692501,0.586087,1.98515e-09,1.6801e-09,4.60636e-10,1.0139e-14,1.63022e-09,3.58827e-14
0.692501,0.586087,1.98515e-09,1.6801e-09,4.60636e-10,1.0139e-14,1.63022e-09,3.58827e-14
0.692501,0.586087,1.98515e-09,1.6801e-09,4.60636e-10,1.0139e-14,1.63022e-09,3.58827e-14
0.692501,0.586087,1.98515e-09,1.6801e-09,4.60636e-10,1.0139e-14,1.63022e-09,3.58827e-14
0.692501,0.586087,1.98515e-09,1.6801e-09,4.60636e-10,1.0139e-14,1.63022e-09,3.58827e-14
0.692501,0.586087,1.98515e-09,1.6801e-09,4.60636e-10,1.0139e-14,1.63022e-09,3.58827e-14
0.692501,0.586087,1.98515e-09,1.6801e-09,4.60636e-10,1.0139e-14,1.63022e-09,3.58827e-14
0.692501,0.586087,1.98515e-09,1.6801e-09,4.60636e-10,1.0139e-14,1.63022e-09,3.58827e-14
0.692501,0.586087,1.98515e-09,1.6801e-09,4.60636e-10,1.0139e-14,1.63022e-09,3.58827e-14
0.692501,0.586087,1.98515e-09,1.6801e-09,4.60636e-10,1.0139e-14,1.63022e-09,3.58827e-14
0.692501,0.586087,1.98515e-09,1.6801e-09,4.60636e-10,1.0139e-14,1.63022e-09,3.58827e-14
0.692501,0.586087,1.98515e-09,1.6801e-09,4.60636e-10,1.0139e-14,1.63022e-09,3.58827e-14
0.692501,0.586087,1.98515e-09,1.6801e-09,4.60636e-10,1.0139e-14,1.63022e-09,3.58827e-14
0.692501,0.586087,1.98515e-09,1.6801e-09,4.60636e-10,1.0139e-14,1.63022e-09,3.58827e-14
0.692501,0.586087,1.98515e-09,1.6801e-09,4.60636e-10,1.0139e-14,1.63022e-09,3.58827e-14
0.692501,0.586087,1.98515e-09,1.6801e-09,4.60636e-10,1.0139e-14,1.63022e-09,3.58827e-14
0.692501,0.586087,1.98515e-09,1.6801e-09,4.60636e-10,1.0139e-14,1.63022e-09,3.58827e-14
0.692501,0.586087,1.98515e-09,1.6801e-09,4.60636e-10,1.0139e-14,1.63022e-09,3.58827e-14
0.692501,0.586087,1.98515e-09,1.6801e-09,4.60636e-10,1.0139e-14,1.63022e-09,3.58827e-14
0.692501,0.586087,1.98515e-09,1.6801e-09,4.60636e-10,1.0139e-14,1.63022e-09,3.58827e-14
0.692501,0.586087,1.98515e-09,1.6801e-09,4.60636e-10,1.0139e-14,1.63022e-09,3.58827e-14
0.692501,0.586087,1.98515e-09,1.6801e-09,4.60636e-10,1.0139e-14,1.63022e-09,3.58827e-14
0.692501,0.586087,1.98515e-09,1.6801e-09,4.60636e-10,1.0139e-14,1.63022e-09,3.58827e-14
0.692501,0.586087,1.98515e-09,1.6801e-09,4.60636e-10,1.0139e-14,1.63022e-09,3.58827e-14
0.692501,0.586087,1.98515e-09,1.6801e-09,4.60636e-10,1.0139e-14,1.63022e-09,3.58827e-14
0.692501,0.586087,1.98515e-09,1.6801e-09,4.60636e-10,1.0139e-14,1.63022e-09,3.58827e-14
0.692501,0.586087,1.98515e-09,1.6801e-09,4.60636e-10,1.0139e-14,1.63022e-09,3.58827e-14
0.692501,0.586087,1.98515e-09,1.6801e-09,4.60636e-10,1.0139e-14,1.63022e-09,3.58827e-14
0.692501,0.586087,1.98515e-09,1.6801e-09,4.60636e-10,1.0139e-14,1.63022e-09,3.58827e-14
0.692501,0.586087,1.98515e-09,1.6801e-09,4.60636e-10,1.0139e-14,1.63022e-09,3.58827e-14
0.692501,0.586087,1.98515e-09,1.6801e-09,4.60636e-10,1.0139e-14,1.63022e-09,3.58827e-14
0.692501,0.586087,1.98515e-09,1.6801e-09,4.60636e-10,1.0139e-14,1.63022e-09,3.58827e-14
0.692501,0.586087,1.98515e-09,1.6801e-09,4.60636e-10,1.0139e-14,1.63022e-09,3.58827e-14
0.692501,0.586087,1.98515e-09,1.6801e-09,4.60636e-10,1.0139e-14,1.63022e-09,3.58827e-14
0.692501,0.586087,1.98515e-09,1.6801e-09,4.60636e-10,1.0139e-14,1.63022e-09,3.58827e-14
0.692501,0.586087,1.98515e-09,1.6801e-09,4.60636e-10,1.0139e-14,1.63022e-09,3.58827e-14
0.692501,0.586087,1.98515e-09,1.6801e-09,4.60636e-10,1.0139e-14,1.63022e-09,3.58827e-14
0.692501,0.586087,1.98515e-09,1.6801e-09,4.60636e-10,1.0139e-14,1.63022e-09,3.58827e-14
0.692501,0.586087,1.98515e-09,1.6801e-09,4.60636e-10,1.0139e-14,1.63022e-09,3.58827e-14
0.692501,0.586087,1.98515e-09,1.6801e-09,4.60636e-10,1.0139e-14,1.63022e-09,3.58827e-14
0.692501,0.586087,1.98515e-09,1.6801e-09,4.60636e-10,1.0139e-14,1.63022e-09,3.58827e-14
0.692501,0.586087,1.98515e-09,1.6801e-09,4.60636e-10,1.0139e-14,1.63022e-09,3.58827e-14
0.692501,0.586087,1.98515e-09,1.6801e-09,4.60636e-10,1.0139e-14,1.63022e-09,3.58827e-14
0.692501,0.586087,1.98515e-09,1.6801e-09,4.60636e-10,1.0139e-14,1.63022e-09,3.58827e-14
0.692501,0.586087,1.98515e-09,1.6801e-09,4.60636e-10,1.0139e-14,1.63022e-09,3.58827e-14
0.692501,0.586087,1.98515e-09,1.6801e-09,4.60636e-10,1.0139e-14,1.63022e-09,3.58827e-14
0.692501,0.586087,1.98515e-09,1.6801e-09,4.60636e-10,1.0139e-14,1.63022e-09,3.58827e-14
0.692501,0.586087,1.98515e-09,1.6801e-09,4.60636e-10,1.0139e-14,1.63022e-09,3.58827e-14
0.692501,0.586087,1.98515e-09,1.6801e-09,4.60636e-10,1.0139e-14,1.63022e-09,3.58827e-14
0.692501,0.586087,1.98515e-09,1.6801e-09,4.60636e-10,1.0139e-14,1.63022e-09,3.58827e-14
0.692501,0.586087,1.98515e-09,1.6801e-09,4.60636e-10,1.0139e-14,1.63022e-09,3.58827e-14
0.692501,0.586087,1.98515e-09,1.6801e-09,4.60636e-10,1.0139e-14,1.63022e-09,3.58827e-14
0.692501,0.586087,1.98515e-09,1.6801e-09,4.60636e-10,1.0139e-14,1.63022e-09,3.58827e-14
0.692501,0.586087,1.98515e-09,1.6801e-09,4.60636e-10,1.0139e-14,1.63022e-09,3.58827e-14
0.692501,0.586087,1.98515e-09,1.6801e-09,4.60636e-10,1.0139e-14,1.63022e-09,3.58827e-14
0.692501,0.586087,1.98515e-09,1.6801e-09,4.60636e-10,1.0139e-14,1.63022e-09,3.58827e-14
0.692501,0.586087,1.98515e-09,1.6801e-09,4.60636e-10,1.0139e-14,1.63022e-09,3.58827e-14
0.692501,0.586087,1.98515e-09,1.6801e-09,4.60636e-10,1.0139e-14,1.63022e-09,3.58827e-14
0.692501,0.586087,1.98515e-09,1.6801e-09,4.60636e-10,1.0139e-14,1.63022e-09,3.58827e-14
0.692501,0.586087,1.98515e-09,1.6801e-09,4.60636e-10,1.0139e-14,1.63022e-09,3.58827e-14
0.692501,0.586087,1.98515e-09,1.6801e-09,4.60636e-10,1.0139e-14,1.63022e-09,3.58827e-14
0.692501,0.586087,1.98515e-09,1.6801e-09,4.60636e-10,1.0139e-14,1.63022e-09,3.58827e-14
0.692501,0.586087,1.98515e-09,1.6801e-09,4.60636e-10,1.0139e-14,1.63022e-09,3.58827e-14
0.692501,0.586087,1.98515e-09,1.6801e-09,4.60636e-10,1.0139e-14,1.63022e-09,3.58827e-14
0.692501,0.586087,1.98515e-09,1.6801e-09,4.60636e-10,1.0139e-14,1.63022e-09,3.58827e-14
0.692501,0.586087,1.98515e-09,1.6801e-09,4.60636e-10,1.0139e-14,1.63022e-09,3.58827e-14
0.692501,0.586087,1.98515e-09,1.6801e-09,4.60636e-10,1.0139e-14,1.63022e-09,3.58827e-14
0.692501,0.586087,1.98515e-09,1.6801e-09,4.60636e-10,1.0139e-14,1.63022e-09,3.58827e-14
0.692501,0.586087,1.98515e-09,1.6801e-09,4.60636e-10,1.0139e-14,1.63022e-09,3.58827e-14
0.692501,0.586087,1.98515e-09,1.6801e-09,4.60636e-10,1.0139e-14,1.63022e-09,3.58827e-14
0.692501,0.586087,1.98515e-09,1.6801e-09,4.60636e-10,1.0139e-14,1.63022e-09,3.58827e-14
0.692501,0.586087,1.98515e-09,1.6801e-09,4.60636e-10,1.0139e-14,1.63022e-09,3.58827e-14
0.692501,0.586087,1.98515e-09,1.6801e-09,4.60636e-10,1.0139e-14,1.63022e-09,3.58827e-14
0.692501,0.586087,1.98515e-09,1.6801e-09,4.60636e-10,1.0139e-14,1.63022e-09,3.58827e-14
0.692501,0.586087,1.98515e-09,1.6801e-09,4.60636e-10,1.0139e-14,1.63022e-09,3.58827e-14
0.692501,0.586087,1.98515e-09,1.6801e-09,4.60636e-10,1.0139e-14,1.63022e-09,3.58827e-14
0.692501,0.586087,1.98515e-09,1.6801e-09,4.60636e-10,1.0139e-14,1.63022e-09,3.58827e-14
0.692501,0.586087,1.98515e-09,1.6801e-09,4.60636e-10,1.0139e-14,1.63022e-09,3.58827e-14
0.692501,0.586087,1.98515e-09,1.6801e-09,4.60636e-10,1.0139e-14,1.63022e-09,3.58827e-14
0.692501,0.586087,1.98515e-09,1.6801e-09,4.60636e-10,1.0139e-14,1.63022e-09,3.58827e-14
0.692501,0.586087,1.98515e-09,1.6801e-09,4.60636e-10,1.0139e-14,1.63022e-09,3.58827e-14
0.692501,0.586087,1.98515e-09,1.6801e-09,4.60636e-10,1.0139e-14,1.63022e-09,3.58827e-14
0.692501,0.586087,1.98515e-09,1.6801e-09,4.60636e-10,1.0139e-14,1.63022e-09,3.58827e-14
0.692501,0.586087,1.98515e-09,1.6801e-09,4.60636e-10,1.0139e-14,1.63022e-09,3.58827e-14
0.692501,0.586087,1.98515e-09,1.6801e-09,4.60636e-10,1.0139e-14,1.63022e-09,3.58827e-14
0.692501,0.586087,1.98515e-09,1.6801e-09,4.60636e-10,1.0139e-14,1.63022e-09,3.58827e-14
0.692501,0.586087,1.98515e-09,1.6801e-09,4.60636e-10,1.0139e-14,1.63022e-09,3.58827e-14
0.692501,0.586087,1.98515e-09,1.6801e-09,4.60636e-10,1.0139e-14,1.63022e-09,3.58827e-14
0.692501,0.586087,1.98515e-09,1.6801e-09,4.60636e-10,1.0139e-14,1.63022e-09,3.58827e-14
0.692501,0.586087,1.98515e-09,1.6801e-09,4.60636e-10,1.0139e-14,1.63022e-09,3.58827e-14
0.692501,0.586087,1.98515e-09,1.6801e-09,4.60636e-10,1.0139e-14,1.63022e-09,3.58827e-14
0.692501,0.586087,1.98515e-09,1.6801e-09,4.60636e-10,1.0139e-14,1.63022e-09,3.58827e-14
0.692501,0.586087,1.98515e-09,1.6801e-09,4.60636e-10,1.0139e-14,1.63022e-09,3.58827e-14
0.692501,0.586087,1.98515e-09,1.6801e-09,4.60636e-10,1.0139e-14,1.63022e-09,3.58827e-14
0.692501,0.586087,1.98515e-09,1.6801e-09,4.60636e-10,1.0139e-14,1.63022e-09,3.58827e-14
0.692501,0.586087,1.98515e-09,1.6801e-09,4.60636e-10,1.0139e-14,1.63022e-09,3.58827e-14
0.692501,0.586087,1.98515e-09,1.6801e-09,4.60636e-10,1.0139e-14,1.63022e-09,3.58827e-14
